[0.025s] Invoking command in '/home/emsi/rob2_ws/build/my_pkg1': CMAKE_PREFIX_PATH=${CMAKE_PREFIX_PATH}:/home/emsi/rob2_ws/install/tiago_pkg:/home/emsi/rob2_ws/install/py_pubsub:/home/emsi/tiago_public_ws/install/play_motion2_cli:/home/emsi/tiago_public_ws/install/launch_pal:/opt/ros/humble /usr/bin/cmake --build /home/emsi/rob2_ws/build/my_pkg1 -- -j8 -l8
[0.264s] [100%] Built target my_node
[0.498s] Invoked command in '/home/emsi/rob2_ws/build/my_pkg1' returned '0': CMAKE_PREFIX_PATH=${CMAKE_PREFIX_PATH}:/home/emsi/rob2_ws/install/tiago_pkg:/home/emsi/rob2_ws/install/py_pubsub:/home/emsi/tiago_public_ws/install/play_motion2_cli:/home/emsi/tiago_public_ws/install/launch_pal:/opt/ros/humble /usr/bin/cmake --build /home/emsi/rob2_ws/build/my_pkg1 -- -j8 -l8
[0.506s] Invoking command in '/home/emsi/rob2_ws/build/my_pkg1': CMAKE_PREFIX_PATH=${CMAKE_PREFIX_PATH}:/home/emsi/rob2_ws/install/tiago_pkg:/home/emsi/rob2_ws/install/py_pubsub:/home/emsi/tiago_public_ws/install/play_motion2_cli:/home/emsi/tiago_public_ws/install/launch_pal:/opt/ros/humble /usr/bin/cmake --install /home/emsi/rob2_ws/build/my_pkg1
[0.512s] -- Install configuration: ""
[0.513s] -- Up-to-date: /home/emsi/rob2_ws/install/my_pkg1/lib/my_pkg1/my_node
[0.513s] -- Up-to-date: /home/emsi/rob2_ws/install/my_pkg1/share/ament_index/resource_index/package_run_dependencies/my_pkg1
[0.513s] -- Up-to-date: /home/emsi/rob2_ws/install/my_pkg1/share/ament_index/resource_index/parent_prefix_path/my_pkg1
[0.513s] -- Up-to-date: /home/emsi/rob2_ws/install/my_pkg1/share/my_pkg1/environment/ament_prefix_path.sh
[0.513s] -- Up-to-date: /home/emsi/rob2_ws/install/my_pkg1/share/my_pkg1/environment/ament_prefix_path.dsv
[0.513s] -- Up-to-date: /home/emsi/rob2_ws/install/my_pkg1/share/my_pkg1/environment/path.sh
[0.513s] -- Up-to-date: /home/emsi/rob2_ws/install/my_pkg1/share/my_pkg1/environment/path.dsv
[0.513s] -- Up-to-date: /home/emsi/rob2_ws/install/my_pkg1/share/my_pkg1/local_setup.bash
[0.513s] -- Up-to-date: /home/emsi/rob2_ws/install/my_pkg1/share/my_pkg1/local_setup.sh
[0.513s] -- Up-to-date: /home/emsi/rob2_ws/install/my_pkg1/share/my_pkg1/local_setup.zsh
[0.513s] -- Up-to-date: /home/emsi/rob2_ws/install/my_pkg1/share/my_pkg1/local_setup.dsv
[0.513s] -- Installing: /home/emsi/rob2_ws/install/my_pkg1/share/my_pkg1/package.dsv
[0.513s] -- Up-to-date: /home/emsi/rob2_ws/install/my_pkg1/share/ament_index/resource_index/packages/my_pkg1
[0.513s] -- Up-to-date: /home/emsi/rob2_ws/install/my_pkg1/share/my_pkg1/cmake/my_pkg1Config.cmake
[0.513s] -- Up-to-date: /home/emsi/rob2_ws/install/my_pkg1/share/my_pkg1/cmake/my_pkg1Config-version.cmake
[0.513s] -- Up-to-date: /home/emsi/rob2_ws/install/my_pkg1/share/my_pkg1/package.xml
[0.515s] Invoked command in '/home/emsi/rob2_ws/build/my_pkg1' returned '0': CMAKE_PREFIX_PATH=${CMAKE_PREFIX_PATH}:/home/emsi/rob2_ws/install/tiago_pkg:/home/emsi/rob2_ws/install/py_pubsub:/home/emsi/tiago_public_ws/install/play_motion2_cli:/home/emsi/tiago_public_ws/install/launch_pal:/opt/ros/humble /usr/bin/cmake --install /home/emsi/rob2_ws/build/my_pkg1
