[0.403s] Invoking command in '/home/emsi/rob2_ws/src/py_pubsub': PYTHONPATH=/home/emsi/rob2_ws/build/py_pubsub/prefix_override:/usr/lib/python3/dist-packages/colcon_core/task/python/colcon_distutils_commands:/home/emsi/rob2_ws/install/py_pubsub/lib/python3.10/site-packages:${PYTHONPATH} /usr/bin/python3 -W ignore:setup.py install is deprecated -W ignore:easy_install command is deprecated setup.py egg_info --egg-base ../../build/py_pubsub build --build-base /home/emsi/rob2_ws/build/py_pubsub/build install --record /home/emsi/rob2_ws/build/py_pubsub/install.log --single-version-externally-managed install_data
[0.553s] running egg_info
[0.553s] writing ../../build/py_pubsub/py_pubsub.egg-info/PKG-INFO
[0.553s] writing dependency_links to ../../build/py_pubsub/py_pubsub.egg-info/dependency_links.txt
[0.553s] writing entry points to ../../build/py_pubsub/py_pubsub.egg-info/entry_points.txt
[0.553s] writing requirements to ../../build/py_pubsub/py_pubsub.egg-info/requires.txt
[0.553s] writing top-level names to ../../build/py_pubsub/py_pubsub.egg-info/top_level.txt
[0.554s] reading manifest file '../../build/py_pubsub/py_pubsub.egg-info/SOURCES.txt'
[0.554s] adding license file 'LICENSE'
[0.555s] writing manifest file '../../build/py_pubsub/py_pubsub.egg-info/SOURCES.txt'
[0.555s] running build
[0.555s] running build_py
[0.555s] copying py_pubsub/publisher_member_function.py -> /home/emsi/rob2_ws/build/py_pubsub/build/lib/py_pubsub
[0.555s] running install
[0.555s] running install_lib
[0.556s] copying /home/emsi/rob2_ws/build/py_pubsub/build/lib/py_pubsub/publisher_member_function.py -> /home/emsi/rob2_ws/install/py_pubsub/lib/python3.10/site-packages/py_pubsub
[0.556s] byte-compiling /home/emsi/rob2_ws/install/py_pubsub/lib/python3.10/site-packages/py_pubsub/publisher_member_function.py to publisher_member_function.cpython-310.pyc
[0.557s] running install_data
[0.557s] running install_egg_info
[0.558s] removing '/home/emsi/rob2_ws/install/py_pubsub/lib/python3.10/site-packages/py_pubsub-0.0.0-py3.10.egg-info' (and everything under it)
[0.558s] Copying ../../build/py_pubsub/py_pubsub.egg-info to /home/emsi/rob2_ws/install/py_pubsub/lib/python3.10/site-packages/py_pubsub-0.0.0-py3.10.egg-info
[0.558s] running install_scripts
[0.571s] Installing talker script to /home/emsi/rob2_ws/install/py_pubsub/lib/py_pubsub
[0.571s] writing list of installed files to '/home/emsi/rob2_ws/build/py_pubsub/install.log'
[0.586s] Invoked command in '/home/emsi/rob2_ws/src/py_pubsub' returned '0': PYTHONPATH=/home/emsi/rob2_ws/build/py_pubsub/prefix_override:/usr/lib/python3/dist-packages/colcon_core/task/python/colcon_distutils_commands:/home/emsi/rob2_ws/install/py_pubsub/lib/python3.10/site-packages:${PYTHONPATH} /usr/bin/python3 -W ignore:setup.py install is deprecated -W ignore:easy_install command is deprecated setup.py egg_info --egg-base ../../build/py_pubsub build --build-base /home/emsi/rob2_ws/build/py_pubsub/build install --record /home/emsi/rob2_ws/build/py_pubsub/install.log --single-version-externally-managed install_data
