[0.836s] Invoking command in '/home/emsi/rob2_ws/src/py_pubsub': PYTHONPATH=/home/emsi/rob2_ws/build/py_pubsub/prefix_override:/usr/lib/python3/dist-packages/colcon_core/task/python/colcon_distutils_commands:/home/emsi/rob2_ws/install/py_pubsub/lib/python3.10/site-packages:${PYTHONPATH} /usr/bin/python3 -W ignore:setup.py install is deprecated -W ignore:easy_install command is deprecated setup.py egg_info --egg-base ../../build/py_pubsub build --build-base /home/emsi/rob2_ws/build/py_pubsub/build install --record /home/emsi/rob2_ws/build/py_pubsub/install.log --single-version-externally-managed install_data
[1.053s] running egg_info
[1.054s] writing ../../build/py_pubsub/py_pubsub.egg-info/PKG-INFO
[1.054s] writing dependency_links to ../../build/py_pubsub/py_pubsub.egg-info/dependency_links.txt
[1.055s] writing entry points to ../../build/py_pubsub/py_pubsub.egg-info/entry_points.txt
[1.055s] writing requirements to ../../build/py_pubsub/py_pubsub.egg-info/requires.txt
[1.055s] writing top-level names to ../../build/py_pubsub/py_pubsub.egg-info/top_level.txt
[1.056s] reading manifest file '../../build/py_pubsub/py_pubsub.egg-info/SOURCES.txt'
[1.056s] adding license file 'LICENSE'
[1.057s] writing manifest file '../../build/py_pubsub/py_pubsub.egg-info/SOURCES.txt'
[1.057s] running build
[1.057s] running build_py
[1.057s] copying py_pubsub/subscriber_member_function.py -> /home/emsi/rob2_ws/build/py_pubsub/build/lib/py_pubsub
[1.057s] copying py_pubsub/turtle_subscriber_publisher.py -> /home/emsi/rob2_ws/build/py_pubsub/build/lib/py_pubsub
[1.057s] copying py_pubsub/tiago.py -> /home/emsi/rob2_ws/build/py_pubsub/build/lib/py_pubsub
[1.057s] running install
[1.057s] running install_lib
[1.058s] copying /home/emsi/rob2_ws/build/py_pubsub/build/lib/py_pubsub/subscriber_member_function.py -> /home/emsi/rob2_ws/install/py_pubsub/lib/python3.10/site-packages/py_pubsub
[1.058s] copying /home/emsi/rob2_ws/build/py_pubsub/build/lib/py_pubsub/turtle_subscriber_publisher.py -> /home/emsi/rob2_ws/install/py_pubsub/lib/python3.10/site-packages/py_pubsub
[1.058s] copying /home/emsi/rob2_ws/build/py_pubsub/build/lib/py_pubsub/tiago.py -> /home/emsi/rob2_ws/install/py_pubsub/lib/python3.10/site-packages/py_pubsub
[1.059s] byte-compiling /home/emsi/rob2_ws/install/py_pubsub/lib/python3.10/site-packages/py_pubsub/subscriber_member_function.py to subscriber_member_function.cpython-310.pyc
[1.059s] byte-compiling /home/emsi/rob2_ws/install/py_pubsub/lib/python3.10/site-packages/py_pubsub/turtle_subscriber_publisher.py to turtle_subscriber_publisher.cpython-310.pyc
[1.059s] byte-compiling /home/emsi/rob2_ws/install/py_pubsub/lib/python3.10/site-packages/py_pubsub/tiago.py to tiago.cpython-310.pyc
[1.060s] running install_data
[1.060s] running install_egg_info
[1.061s] removing '/home/emsi/rob2_ws/install/py_pubsub/lib/python3.10/site-packages/py_pubsub-0.0.0-py3.10.egg-info' (and everything under it)
[1.061s] Copying ../../build/py_pubsub/py_pubsub.egg-info to /home/emsi/rob2_ws/install/py_pubsub/lib/python3.10/site-packages/py_pubsub-0.0.0-py3.10.egg-info
[1.062s] running install_scripts
[1.081s] Installing listener script to /home/emsi/rob2_ws/install/py_pubsub/lib/py_pubsub
[1.081s] Installing my_turtle script to /home/emsi/rob2_ws/install/py_pubsub/lib/py_pubsub
[1.081s] Installing talker script to /home/emsi/rob2_ws/install/py_pubsub/lib/py_pubsub
[1.081s] Installing tiaguinho script to /home/emsi/rob2_ws/install/py_pubsub/lib/py_pubsub
[1.081s] writing list of installed files to '/home/emsi/rob2_ws/build/py_pubsub/install.log'
[1.109s] Invoked command in '/home/emsi/rob2_ws/src/py_pubsub' returned '0': PYTHONPATH=/home/emsi/rob2_ws/build/py_pubsub/prefix_override:/usr/lib/python3/dist-packages/colcon_core/task/python/colcon_distutils_commands:/home/emsi/rob2_ws/install/py_pubsub/lib/python3.10/site-packages:${PYTHONPATH} /usr/bin/python3 -W ignore:setup.py install is deprecated -W ignore:easy_install command is deprecated setup.py egg_info --egg-base ../../build/py_pubsub build --build-base /home/emsi/rob2_ws/build/py_pubsub/build install --record /home/emsi/rob2_ws/build/py_pubsub/install.log --single-version-externally-managed install_data
