/home/emsi/rob2_ws/install/py_pubsub/lib/python3.10/site-packages/py_pubsub/subscriber_member_function.py
/home/emsi/rob2_ws/install/py_pubsub/lib/python3.10/site-packages/py_pubsub/turtle_subscriber_publisher.py
/home/emsi/rob2_ws/install/py_pubsub/lib/python3.10/site-packages/py_pubsub/publisher_member_function.py
/home/emsi/rob2_ws/install/py_pubsub/lib/python3.10/site-packages/py_pubsub/tiago_sub_laser.py
/home/emsi/rob2_ws/install/py_pubsub/lib/python3.10/site-packages/py_pubsub/tiago.py
/home/emsi/rob2_ws/install/py_pubsub/lib/python3.10/site-packages/py_pubsub/__init__.py
/home/emsi/rob2_ws/install/py_pubsub/lib/python3.10/site-packages/py_pubsub/__pycache__/subscriber_member_function.cpython-310.pyc
/home/emsi/rob2_ws/install/py_pubsub/lib/python3.10/site-packages/py_pubsub/__pycache__/turtle_subscriber_publisher.cpython-310.pyc
/home/emsi/rob2_ws/install/py_pubsub/lib/python3.10/site-packages/py_pubsub/__pycache__/publisher_member_function.cpython-310.pyc
/home/emsi/rob2_ws/install/py_pubsub/lib/python3.10/site-packages/py_pubsub/__pycache__/tiago_sub_laser.cpython-310.pyc
/home/emsi/rob2_ws/install/py_pubsub/lib/python3.10/site-packages/py_pubsub/__pycache__/tiago.cpython-310.pyc
/home/emsi/rob2_ws/install/py_pubsub/lib/python3.10/site-packages/py_pubsub/__pycache__/__init__.cpython-310.pyc
/home/emsi/rob2_ws/install/py_pubsub/share/ament_index/resource_index/packages/py_pubsub
/home/emsi/rob2_ws/install/py_pubsub/share/py_pubsub/package.xml
/home/emsi/rob2_ws/install/py_pubsub/lib/python3.10/site-packages/py_pubsub-0.0.0-py3.10.egg-info/entry_points.txt
/home/emsi/rob2_ws/install/py_pubsub/lib/python3.10/site-packages/py_pubsub-0.0.0-py3.10.egg-info/SOURCES.txt
/home/emsi/rob2_ws/install/py_pubsub/lib/python3.10/site-packages/py_pubsub-0.0.0-py3.10.egg-info/top_level.txt
/home/emsi/rob2_ws/install/py_pubsub/lib/python3.10/site-packages/py_pubsub-0.0.0-py3.10.egg-info/requires.txt
/home/emsi/rob2_ws/install/py_pubsub/lib/python3.10/site-packages/py_pubsub-0.0.0-py3.10.egg-info/dependency_links.txt
/home/emsi/rob2_ws/install/py_pubsub/lib/python3.10/site-packages/py_pubsub-0.0.0-py3.10.egg-info/PKG-INFO
/home/emsi/rob2_ws/install/py_pubsub/lib/python3.10/site-packages/py_pubsub-0.0.0-py3.10.egg-info/zip-safe
/home/emsi/rob2_ws/install/py_pubsub/lib/py_pubsub/listener
/home/emsi/rob2_ws/install/py_pubsub/lib/py_pubsub/my_turtle
/home/emsi/rob2_ws/install/py_pubsub/lib/py_pubsub/talker
/home/emsi/rob2_ws/install/py_pubsub/lib/py_pubsub/tiago
/home/emsi/rob2_ws/install/py_pubsub/lib/py_pubsub/tiago_laser
