[0.006s] Invoking command in '/home/emsi/rob2_ws/build/my_pkg1': CMAKE_PREFIX_PATH=/opt/ros/humble /usr/bin/cmake /home/emsi/rob2_ws/src/my_pkg1 -DCMAKE_INSTALL_PREFIX=/home/emsi/rob2_ws/install/my_pkg1
[0.044s] -- The C compiler identification is GNU 11.4.0
[0.087s] -- The CXX compiler identification is GNU 11.4.0
[0.092s] -- Detecting C compiler ABI info
[0.138s] -- Detecting C compiler ABI info - done
[0.143s] -- Check for working C compiler: /usr/bin/cc - skipped
[0.143s] -- Detecting C compile features
[0.143s] -- Detecting C compile features - done
[0.145s] -- Detecting CXX compiler ABI info
[0.197s] -- Detecting CXX compiler ABI info - done
[0.202s] -- Check for working CXX compiler: /usr/bin/c++ - skipped
[0.202s] -- Detecting CXX compile features
[0.202s] -- Detecting CXX compile features - done
[0.204s] -- Found ament_cmake: 1.3.12 (/opt/ros/humble/share/ament_cmake/cmake)
[1.447s] -- Found Python3: /home/emsi/.pyenv/shims/python3 (found version "3.11.13") found components: Interpreter 
[1.640s] -- Found ament_lint_auto: 0.12.14 (/opt/ros/humble/share/ament_lint_auto/cmake)
[1.875s] -- Added test 'cppcheck' to perform static code analysis on C / C++ code
[1.875s] -- Configured cppcheck include dirs: $<BUILD_INTERFACE:/home/emsi/rob2_ws/src/my_pkg1/include>
[1.875s] -- Configured cppcheck exclude dirs and/or files: 
[1.875s] -- Added test 'lint_cmake' to check CMake code style
[1.876s] -- Added test 'uncrustify' to check C / C++ code style
[1.876s] -- Configured uncrustify additional arguments: 
[1.876s] -- Added test 'xmllint' to check XML markup files
[1.877s] -- Configuring done
[1.879s] -- Generating done
[1.880s] -- Build files have been written to: /home/emsi/rob2_ws/build/my_pkg1
[1.882s] Invoked command in '/home/emsi/rob2_ws/build/my_pkg1' returned '0': CMAKE_PREFIX_PATH=/opt/ros/humble /usr/bin/cmake /home/emsi/rob2_ws/src/my_pkg1 -DCMAKE_INSTALL_PREFIX=/home/emsi/rob2_ws/install/my_pkg1
[1.884s] Invoking command in '/home/emsi/rob2_ws/build/my_pkg1': CMAKE_PREFIX_PATH=/opt/ros/humble /usr/bin/cmake --build /home/emsi/rob2_ws/build/my_pkg1 -- -j8 -l8
[1.917s] [ 50%] [32mBuilding CXX object CMakeFiles/my_node.dir/src/my_node.cpp.o[0m
[1.941s] [100%] [32m[1mLinking CXX executable my_node[0m
[1.976s] [100%] Built target my_node
[1.983s] Invoked command in '/home/emsi/rob2_ws/build/my_pkg1' returned '0': CMAKE_PREFIX_PATH=/opt/ros/humble /usr/bin/cmake --build /home/emsi/rob2_ws/build/my_pkg1 -- -j8 -l8
[1.989s] Invoking command in '/home/emsi/rob2_ws/build/my_pkg1': CMAKE_PREFIX_PATH=/opt/ros/humble /usr/bin/cmake --install /home/emsi/rob2_ws/build/my_pkg1
[1.993s] -- Install configuration: ""
[1.993s] -- Installing: /home/emsi/rob2_ws/install/my_pkg1/lib/my_pkg1/my_node
[1.993s] -- Installing: /home/emsi/rob2_ws/install/my_pkg1/share/ament_index/resource_index/package_run_dependencies/my_pkg1
[1.993s] -- Installing: /home/emsi/rob2_ws/install/my_pkg1/share/ament_index/resource_index/parent_prefix_path/my_pkg1
[1.993s] -- Installing: /home/emsi/rob2_ws/install/my_pkg1/share/my_pkg1/environment/ament_prefix_path.sh
[1.993s] -- Installing: /home/emsi/rob2_ws/install/my_pkg1/share/my_pkg1/environment/ament_prefix_path.dsv
[1.994s] -- Installing: /home/emsi/rob2_ws/install/my_pkg1/share/my_pkg1/environment/path.sh
[1.994s] -- Installing: /home/emsi/rob2_ws/install/my_pkg1/share/my_pkg1/environment/path.dsv
[1.994s] -- Installing: /home/emsi/rob2_ws/install/my_pkg1/share/my_pkg1/local_setup.bash
[1.994s] -- Installing: /home/emsi/rob2_ws/install/my_pkg1/share/my_pkg1/local_setup.sh
[1.994s] -- Installing: /home/emsi/rob2_ws/install/my_pkg1/share/my_pkg1/local_setup.zsh
[1.994s] -- Installing: /home/emsi/rob2_ws/install/my_pkg1/share/my_pkg1/local_setup.dsv
[1.994s] -- Installing: /home/emsi/rob2_ws/install/my_pkg1/share/my_pkg1/package.dsv
[1.994s] -- Installing: /home/emsi/rob2_ws/install/my_pkg1/share/ament_index/resource_index/packages/my_pkg1
[1.994s] -- Installing: /home/emsi/rob2_ws/install/my_pkg1/share/my_pkg1/cmake/my_pkg1Config.cmake
[1.994s] -- Installing: /home/emsi/rob2_ws/install/my_pkg1/share/my_pkg1/cmake/my_pkg1Config-version.cmake
[1.994s] -- Installing: /home/emsi/rob2_ws/install/my_pkg1/share/my_pkg1/package.xml
[1.995s] Invoked command in '/home/emsi/rob2_ws/build/my_pkg1' returned '0': CMAKE_PREFIX_PATH=/opt/ros/humble /usr/bin/cmake --install /home/emsi/rob2_ws/build/my_pkg1
