running egg_info
creating ../../build/tiago_pkg/tiago_pkg.egg-info
writing ../../build/tiago_pkg/tiago_pkg.egg-info/PKG-INFO
writing dependency_links to ../../build/tiago_pkg/tiago_pkg.egg-info/dependency_links.txt
writing entry points to ../../build/tiago_pkg/tiago_pkg.egg-info/entry_points.txt
writing requirements to ../../build/tiago_pkg/tiago_pkg.egg-info/requires.txt
writing top-level names to ../../build/tiago_pkg/tiago_pkg.egg-info/top_level.txt
writing manifest file '../../build/tiago_pkg/tiago_pkg.egg-info/SOURCES.txt'
reading manifest file '../../build/tiago_pkg/tiago_pkg.egg-info/SOURCES.txt'
adding license file 'LICENSE'
writing manifest file '../../build/tiago_pkg/tiago_pkg.egg-info/SOURCES.txt'
running build
running build_py
creating /home/emsi/rob2_ws/build/tiago_pkg/build
creating /home/emsi/rob2_ws/build/tiago_pkg/build/lib
creating /home/emsi/rob2_ws/build/tiago_pkg/build/lib/tiago_pkg
copying tiago_pkg/tiago.py -> /home/emsi/rob2_ws/build/tiago_pkg/build/lib/tiago_pkg
copying tiago_pkg/__init__.py -> /home/emsi/rob2_ws/build/tiago_pkg/build/lib/tiago_pkg
running install
running install_lib
creating /home/emsi/rob2_ws/install/tiago_pkg/lib/python3.10/site-packages/tiago_pkg
copying /home/emsi/rob2_ws/build/tiago_pkg/build/lib/tiago_pkg/tiago.py -> /home/emsi/rob2_ws/install/tiago_pkg/lib/python3.10/site-packages/tiago_pkg
copying /home/emsi/rob2_ws/build/tiago_pkg/build/lib/tiago_pkg/__init__.py -> /home/emsi/rob2_ws/install/tiago_pkg/lib/python3.10/site-packages/tiago_pkg
byte-compiling /home/emsi/rob2_ws/install/tiago_pkg/lib/python3.10/site-packages/tiago_pkg/tiago.py to tiago.cpython-310.pyc
byte-compiling /home/emsi/rob2_ws/install/tiago_pkg/lib/python3.10/site-packages/tiago_pkg/__init__.py to __init__.cpython-310.pyc
running install_data
creating /home/emsi/rob2_ws/install/tiago_pkg/share/ament_index
creating /home/emsi/rob2_ws/install/tiago_pkg/share/ament_index/resource_index
creating /home/emsi/rob2_ws/install/tiago_pkg/share/ament_index/resource_index/packages
copying resource/tiago_pkg -> /home/emsi/rob2_ws/install/tiago_pkg/share/ament_index/resource_index/packages
copying package.xml -> /home/emsi/rob2_ws/install/tiago_pkg/share/tiago_pkg
running install_egg_info
Copying ../../build/tiago_pkg/tiago_pkg.egg-info to /home/emsi/rob2_ws/install/tiago_pkg/lib/python3.10/site-packages/tiago_pkg-0.0.0-py3.10.egg-info
running install_scripts
writing list of installed files to '/home/emsi/rob2_ws/build/tiago_pkg/install.log'
