[0.842s] Invoking command in '/home/emsi/rob2_ws/src/tiago_pkg': PYTHONPATH=/home/emsi/rob2_ws/build/tiago_pkg/prefix_override:/usr/lib/python3/dist-packages/colcon_core/task/python/colcon_distutils_commands:/home/emsi/rob2_ws/install/tiago_pkg/lib/python3.10/site-packages:${PYTHONPATH} /usr/bin/python3 -W ignore:setup.py install is deprecated -W ignore:easy_install command is deprecated setup.py egg_info --egg-base ../../build/tiago_pkg build --build-base /home/emsi/rob2_ws/build/tiago_pkg/build install --record /home/emsi/rob2_ws/build/tiago_pkg/install.log --single-version-externally-managed install_data
[1.055s] running egg_info
[1.056s] creating ../../build/tiago_pkg/tiago_pkg.egg-info
[1.056s] writing ../../build/tiago_pkg/tiago_pkg.egg-info/PKG-INFO
[1.057s] writing dependency_links to ../../build/tiago_pkg/tiago_pkg.egg-info/dependency_links.txt
[1.057s] writing entry points to ../../build/tiago_pkg/tiago_pkg.egg-info/entry_points.txt
[1.057s] writing requirements to ../../build/tiago_pkg/tiago_pkg.egg-info/requires.txt
[1.057s] writing top-level names to ../../build/tiago_pkg/tiago_pkg.egg-info/top_level.txt
[1.057s] writing manifest file '../../build/tiago_pkg/tiago_pkg.egg-info/SOURCES.txt'
[1.059s] reading manifest file '../../build/tiago_pkg/tiago_pkg.egg-info/SOURCES.txt'
[1.059s] adding license file 'LICENSE'
[1.059s] writing manifest file '../../build/tiago_pkg/tiago_pkg.egg-info/SOURCES.txt'
[1.059s] running build
[1.059s] running build_py
[1.059s] creating /home/emsi/rob2_ws/build/tiago_pkg/build
[1.060s] creating /home/emsi/rob2_ws/build/tiago_pkg/build/lib
[1.060s] creating /home/emsi/rob2_ws/build/tiago_pkg/build/lib/tiago_pkg
[1.060s] copying tiago_pkg/tiago.py -> /home/emsi/rob2_ws/build/tiago_pkg/build/lib/tiago_pkg
[1.060s] copying tiago_pkg/__init__.py -> /home/emsi/rob2_ws/build/tiago_pkg/build/lib/tiago_pkg
[1.060s] running install
[1.061s] running install_lib
[1.062s] creating /home/emsi/rob2_ws/install/tiago_pkg/lib/python3.10/site-packages/tiago_pkg
[1.062s] copying /home/emsi/rob2_ws/build/tiago_pkg/build/lib/tiago_pkg/tiago.py -> /home/emsi/rob2_ws/install/tiago_pkg/lib/python3.10/site-packages/tiago_pkg
[1.062s] copying /home/emsi/rob2_ws/build/tiago_pkg/build/lib/tiago_pkg/__init__.py -> /home/emsi/rob2_ws/install/tiago_pkg/lib/python3.10/site-packages/tiago_pkg
[1.063s] byte-compiling /home/emsi/rob2_ws/install/tiago_pkg/lib/python3.10/site-packages/tiago_pkg/tiago.py to tiago.cpython-310.pyc
[1.063s] byte-compiling /home/emsi/rob2_ws/install/tiago_pkg/lib/python3.10/site-packages/tiago_pkg/__init__.py to __init__.cpython-310.pyc
[1.064s] running install_data
[1.064s] creating /home/emsi/rob2_ws/install/tiago_pkg/share/ament_index
[1.064s] creating /home/emsi/rob2_ws/install/tiago_pkg/share/ament_index/resource_index
[1.064s] creating /home/emsi/rob2_ws/install/tiago_pkg/share/ament_index/resource_index/packages
[1.064s] copying resource/tiago_pkg -> /home/emsi/rob2_ws/install/tiago_pkg/share/ament_index/resource_index/packages
[1.064s] copying package.xml -> /home/emsi/rob2_ws/install/tiago_pkg/share/tiago_pkg
[1.064s] running install_egg_info
[1.065s] Copying ../../build/tiago_pkg/tiago_pkg.egg-info to /home/emsi/rob2_ws/install/tiago_pkg/lib/python3.10/site-packages/tiago_pkg-0.0.0-py3.10.egg-info
[1.066s] running install_scripts
[1.087s] writing list of installed files to '/home/emsi/rob2_ws/build/tiago_pkg/install.log'
[1.118s] Invoked command in '/home/emsi/rob2_ws/src/tiago_pkg' returned '0': PYTHONPATH=/home/emsi/rob2_ws/build/tiago_pkg/prefix_override:/usr/lib/python3/dist-packages/colcon_core/task/python/colcon_distutils_commands:/home/emsi/rob2_ws/install/tiago_pkg/lib/python3.10/site-packages:${PYTHONPATH} /usr/bin/python3 -W ignore:setup.py install is deprecated -W ignore:easy_install command is deprecated setup.py egg_info --egg-base ../../build/tiago_pkg build --build-base /home/emsi/rob2_ws/build/tiago_pkg/build install --record /home/emsi/rob2_ws/build/tiago_pkg/install.log --single-version-externally-managed install_data
