-- The C compiler identification is GNU 11.4.0
-- The CXX compiler identification is GNU 11.4.0
-- Detecting C compiler ABI info
-- Detecting C compiler ABI info - done
-- Check for working C compiler: /usr/bin/cc - skipped
-- Detecting C compile features
-- Detecting C compile features - done
-- Detecting CXX compiler ABI info
-- Detecting CXX compiler ABI info - done
-- Check for working CXX compiler: /usr/bin/c++ - skipped
-- Detecting CXX compile features
-- Detecting CXX compile features - done
-- Found ament_cmake: 1.3.12 (/opt/ros/humble/share/ament_cmake/cmake)
-- Found Python3: /home/emsi/.pyenv/shims/python3 (found version "3.11.13") found components: Interpreter 
-- Found ament_lint_auto: 0.12.14 (/opt/ros/humble/share/ament_lint_auto/cmake)
-- Added test 'cppcheck' to perform static code analysis on C / C++ code
-- Configured cppcheck include dirs: $<BUILD_INTERFACE:/home/emsi/rob2_ws/src/my_pkg1/include>
-- Configured cppcheck exclude dirs and/or files: 
-- Added test 'lint_cmake' to check CMake code style
-- Added test 'uncrustify' to check C / C++ code style
-- Configured uncrustify additional arguments: 
-- Added test 'xmllint' to check XML markup files
-- Configuring done
-- Generating done
-- Build files have been written to: /home/emsi/rob2_ws/src/build/my_pkg1
[ 50%] [32mBuilding CXX object CMakeFiles/my_node.dir/src/my_node.cpp.o[0m
[100%] [32m[1mLinking CXX executable my_node[0m
[100%] Built target my_node
-- Install configuration: ""
-- Installing: /home/emsi/rob2_ws/src/install/my_pkg1/lib/my_pkg1/my_node
-- Installing: /home/emsi/rob2_ws/src/install/my_pkg1/share/ament_index/resource_index/package_run_dependencies/my_pkg1
-- Installing: /home/emsi/rob2_ws/src/install/my_pkg1/share/ament_index/resource_index/parent_prefix_path/my_pkg1
-- Installing: /home/emsi/rob2_ws/src/install/my_pkg1/share/my_pkg1/environment/ament_prefix_path.sh
-- Installing: /home/emsi/rob2_ws/src/install/my_pkg1/share/my_pkg1/environment/ament_prefix_path.dsv
-- Installing: /home/emsi/rob2_ws/src/install/my_pkg1/share/my_pkg1/environment/path.sh
-- Installing: /home/emsi/rob2_ws/src/install/my_pkg1/share/my_pkg1/environment/path.dsv
-- Installing: /home/emsi/rob2_ws/src/install/my_pkg1/share/my_pkg1/local_setup.bash
-- Installing: /home/emsi/rob2_ws/src/install/my_pkg1/share/my_pkg1/local_setup.sh
-- Installing: /home/emsi/rob2_ws/src/install/my_pkg1/share/my_pkg1/local_setup.zsh
-- Installing: /home/emsi/rob2_ws/src/install/my_pkg1/share/my_pkg1/local_setup.dsv
-- Installing: /home/emsi/rob2_ws/src/install/my_pkg1/share/my_pkg1/package.dsv
-- Installing: /home/emsi/rob2_ws/src/install/my_pkg1/share/ament_index/resource_index/packages/my_pkg1
-- Installing: /home/emsi/rob2_ws/src/install/my_pkg1/share/my_pkg1/cmake/my_pkg1Config.cmake
-- Installing: /home/emsi/rob2_ws/src/install/my_pkg1/share/my_pkg1/cmake/my_pkg1Config-version.cmake
-- Installing: /home/emsi/rob2_ws/src/install/my_pkg1/share/my_pkg1/package.xml
