[0.086s] DEBUG:colcon:Command line arguments: ['/usr/bin/colcon', 'build']
[0.086s] DEBUG:colcon:Parsed command line arguments: Namespace(log_base=None, log_level=None, verb_name='build', build_base='build', install_base='install', merge_install=False, symlink_install=False, test_result_base=None, continue_on_error=False, executor='parallel', parallel_workers=8, event_handlers=None, ignore_user_meta=False, metas=['./colcon.meta'], base_paths=['.'], packages_ignore=None, packages_ignore_regex=None, paths=None, packages_up_to=None, packages_up_to_regex=None, packages_above=None, packages_above_and_dependencies=None, packages_above_depth=None, packages_select_by_dep=None, packages_skip_by_dep=None, packages_skip_up_to=None, packages_select_build_failed=False, packages_skip_build_finished=False, packages_select_test_failures=False, packages_skip_test_passed=False, packages_select=None, packages_skip=None, packages_select_regex=None, packages_skip_regex=None, packages_start=None, packages_end=None, allow_overriding=[], cmake_args=None, cmake_target=None, cmake_target_skip_unavailable=False, cmake_clean_cache=False, cmake_clean_first=False, cmake_force_configure=False, ament_cmake_args=None, catkin_cmake_args=None, catkin_skip_building_tests=False, mixin_files=None, mixin=None, verb_parser=<colcon_mixin.mixin.mixin_argument.MixinArgumentDecorator object at 0x7031f7e51c00>, verb_extension=<colcon_core.verb.build.BuildVerb object at 0x7031f7f82cb0>, main=<bound method BuildVerb.main of <colcon_core.verb.build.BuildVerb object at 0x7031f7f82cb0>>, mixin_verb=('build',))
[0.220s] Level 1:colcon.colcon_core.package_discovery:discover_packages(colcon_meta) check parameters
[0.220s] Level 1:colcon.colcon_core.package_discovery:discover_packages(recursive) check parameters
[0.220s] Level 1:colcon.colcon_core.package_discovery:discover_packages(ignore) check parameters
[0.220s] Level 1:colcon.colcon_core.package_discovery:discover_packages(path) check parameters
[0.220s] Level 1:colcon.colcon_core.package_discovery:discover_packages(colcon_meta) discover
[0.220s] Level 1:colcon.colcon_core.package_discovery:discover_packages(recursive) discover
[0.220s] INFO:colcon.colcon_core.package_discovery:Crawling recursively for packages in '/home/emsi/rob2_ws'
[0.221s] Level 1:colcon.colcon_core.package_identification:_identify(.) by extensions ['ignore', 'ignore_ament_install']
[0.221s] Level 1:colcon.colcon_core.package_identification:_identify(.) by extension 'ignore'
[0.221s] Level 1:colcon.colcon_core.package_identification:_identify(.) by extension 'ignore_ament_install'
[0.221s] Level 1:colcon.colcon_core.package_identification:_identify(.) by extensions ['colcon_pkg']
[0.221s] Level 1:colcon.colcon_core.package_identification:_identify(.) by extension 'colcon_pkg'
[0.221s] Level 1:colcon.colcon_core.package_identification:_identify(.) by extensions ['colcon_meta']
[0.221s] Level 1:colcon.colcon_core.package_identification:_identify(.) by extension 'colcon_meta'
[0.221s] Level 1:colcon.colcon_core.package_identification:_identify(.) by extensions ['ros']
[0.221s] Level 1:colcon.colcon_core.package_identification:_identify(.) by extension 'ros'
[0.229s] Level 1:colcon.colcon_core.package_identification:_identify(.) by extensions ['cmake', 'python']
[0.229s] Level 1:colcon.colcon_core.package_identification:_identify(.) by extension 'cmake'
[0.229s] Level 1:colcon.colcon_core.package_identification:_identify(.) by extension 'python'
[0.229s] Level 1:colcon.colcon_core.package_identification:_identify(.) by extensions ['python_setup_py']
[0.229s] Level 1:colcon.colcon_core.package_identification:_identify(.) by extension 'python_setup_py'
[0.229s] Level 1:colcon.colcon_core.package_identification:_identify(build) by extensions ['ignore', 'ignore_ament_install']
[0.229s] Level 1:colcon.colcon_core.package_identification:_identify(build) by extension 'ignore'
[0.229s] Level 1:colcon.colcon_core.package_identification:_identify(build) ignored
[0.229s] Level 1:colcon.colcon_core.package_identification:_identify(install) by extensions ['ignore', 'ignore_ament_install']
[0.230s] Level 1:colcon.colcon_core.package_identification:_identify(install) by extension 'ignore'
[0.230s] Level 1:colcon.colcon_core.package_identification:_identify(install) ignored
[0.230s] Level 1:colcon.colcon_core.package_identification:_identify(log) by extensions ['ignore', 'ignore_ament_install']
[0.230s] Level 1:colcon.colcon_core.package_identification:_identify(log) by extension 'ignore'
[0.230s] Level 1:colcon.colcon_core.package_identification:_identify(log) ignored
[0.230s] Level 1:colcon.colcon_core.package_identification:_identify(src) by extensions ['ignore', 'ignore_ament_install']
[0.230s] Level 1:colcon.colcon_core.package_identification:_identify(src) by extension 'ignore'
[0.230s] Level 1:colcon.colcon_core.package_identification:_identify(src) by extension 'ignore_ament_install'
[0.230s] Level 1:colcon.colcon_core.package_identification:_identify(src) by extensions ['colcon_pkg']
[0.230s] Level 1:colcon.colcon_core.package_identification:_identify(src) by extension 'colcon_pkg'
[0.230s] Level 1:colcon.colcon_core.package_identification:_identify(src) by extensions ['colcon_meta']
[0.230s] Level 1:colcon.colcon_core.package_identification:_identify(src) by extension 'colcon_meta'
[0.230s] Level 1:colcon.colcon_core.package_identification:_identify(src) by extensions ['ros']
[0.230s] Level 1:colcon.colcon_core.package_identification:_identify(src) by extension 'ros'
[0.230s] Level 1:colcon.colcon_core.package_identification:_identify(src) by extensions ['cmake', 'python']
[0.230s] Level 1:colcon.colcon_core.package_identification:_identify(src) by extension 'cmake'
[0.230s] Level 1:colcon.colcon_core.package_identification:_identify(src) by extension 'python'
[0.230s] Level 1:colcon.colcon_core.package_identification:_identify(src) by extensions ['python_setup_py']
[0.230s] Level 1:colcon.colcon_core.package_identification:_identify(src) by extension 'python_setup_py'
[0.230s] Level 1:colcon.colcon_core.package_identification:_identify(src/build) by extensions ['ignore', 'ignore_ament_install']
[0.230s] Level 1:colcon.colcon_core.package_identification:_identify(src/build) by extension 'ignore'
[0.230s] Level 1:colcon.colcon_core.package_identification:_identify(src/build) ignored
[0.230s] Level 1:colcon.colcon_core.package_identification:_identify(src/install) by extensions ['ignore', 'ignore_ament_install']
[0.231s] Level 1:colcon.colcon_core.package_identification:_identify(src/install) by extension 'ignore'
[0.231s] Level 1:colcon.colcon_core.package_identification:_identify(src/install) ignored
[0.231s] Level 1:colcon.colcon_core.package_identification:_identify(src/log) by extensions ['ignore', 'ignore_ament_install']
[0.231s] Level 1:colcon.colcon_core.package_identification:_identify(src/log) by extension 'ignore'
[0.231s] Level 1:colcon.colcon_core.package_identification:_identify(src/log) ignored
[0.231s] Level 1:colcon.colcon_core.package_identification:_identify(src/my_pkg1) by extensions ['ignore', 'ignore_ament_install']
[0.231s] Level 1:colcon.colcon_core.package_identification:_identify(src/my_pkg1) by extension 'ignore'
[0.231s] Level 1:colcon.colcon_core.package_identification:_identify(src/my_pkg1) by extension 'ignore_ament_install'
[0.231s] Level 1:colcon.colcon_core.package_identification:_identify(src/my_pkg1) by extensions ['colcon_pkg']
[0.231s] Level 1:colcon.colcon_core.package_identification:_identify(src/my_pkg1) by extension 'colcon_pkg'
[0.231s] Level 1:colcon.colcon_core.package_identification:_identify(src/my_pkg1) by extensions ['colcon_meta']
[0.231s] Level 1:colcon.colcon_core.package_identification:_identify(src/my_pkg1) by extension 'colcon_meta'
[0.231s] Level 1:colcon.colcon_core.package_identification:_identify(src/my_pkg1) by extensions ['ros']
[0.231s] Level 1:colcon.colcon_core.package_identification:_identify(src/my_pkg1) by extension 'ros'
[0.235s] DEBUG:colcon.colcon_core.package_identification:Package 'src/my_pkg1' with type 'ros.ament_cmake' and name 'my_pkg1'
[0.235s] Level 1:colcon.colcon_core.package_identification:_identify(src/py_pubsub) by extensions ['ignore', 'ignore_ament_install']
[0.235s] Level 1:colcon.colcon_core.package_identification:_identify(src/py_pubsub) by extension 'ignore'
[0.235s] Level 1:colcon.colcon_core.package_identification:_identify(src/py_pubsub) by extension 'ignore_ament_install'
[0.235s] Level 1:colcon.colcon_core.package_identification:_identify(src/py_pubsub) by extensions ['colcon_pkg']
[0.235s] Level 1:colcon.colcon_core.package_identification:_identify(src/py_pubsub) by extension 'colcon_pkg'
[0.235s] Level 1:colcon.colcon_core.package_identification:_identify(src/py_pubsub) by extensions ['colcon_meta']
[0.235s] Level 1:colcon.colcon_core.package_identification:_identify(src/py_pubsub) by extension 'colcon_meta'
[0.235s] Level 1:colcon.colcon_core.package_identification:_identify(src/py_pubsub) by extensions ['ros']
[0.235s] Level 1:colcon.colcon_core.package_identification:_identify(src/py_pubsub) by extension 'ros'
[0.235s] DEBUG:colcon.colcon_core.package_identification:Package 'src/py_pubsub' with type 'ros.ament_python' and name 'py_pubsub'
[0.235s] Level 1:colcon.colcon_core.package_identification:_identify(src/tiago_pkg) by extensions ['ignore', 'ignore_ament_install']
[0.236s] Level 1:colcon.colcon_core.package_identification:_identify(src/tiago_pkg) by extension 'ignore'
[0.236s] Level 1:colcon.colcon_core.package_identification:_identify(src/tiago_pkg) by extension 'ignore_ament_install'
[0.236s] Level 1:colcon.colcon_core.package_identification:_identify(src/tiago_pkg) by extensions ['colcon_pkg']
[0.236s] Level 1:colcon.colcon_core.package_identification:_identify(src/tiago_pkg) by extension 'colcon_pkg'
[0.236s] Level 1:colcon.colcon_core.package_identification:_identify(src/tiago_pkg) by extensions ['colcon_meta']
[0.236s] Level 1:colcon.colcon_core.package_identification:_identify(src/tiago_pkg) by extension 'colcon_meta'
[0.236s] Level 1:colcon.colcon_core.package_identification:_identify(src/tiago_pkg) by extensions ['ros']
[0.236s] Level 1:colcon.colcon_core.package_identification:_identify(src/tiago_pkg) by extension 'ros'
[0.236s] DEBUG:colcon.colcon_core.package_identification:Package 'src/tiago_pkg' with type 'ros.ament_python' and name 'tiago_pkg'
[0.236s] Level 1:colcon.colcon_core.package_discovery:discover_packages(recursive) using defaults
[0.236s] Level 1:colcon.colcon_core.package_discovery:discover_packages(ignore) discover
[0.236s] Level 1:colcon.colcon_core.package_discovery:discover_packages(ignore) using defaults
[0.236s] Level 1:colcon.colcon_core.package_discovery:discover_packages(path) discover
[0.236s] Level 1:colcon.colcon_core.package_discovery:discover_packages(path) using defaults
[0.267s] Level 1:colcon.colcon_core.package_discovery:discover_packages(prefix_path) check parameters
[0.267s] Level 1:colcon.colcon_core.package_discovery:discover_packages(prefix_path) discover
[0.269s] DEBUG:colcon.colcon_installed_package_information.package_discovery:Found 3 installed packages in /home/emsi/rob2_ws/install
[0.270s] DEBUG:colcon.colcon_installed_package_information.package_discovery:Found 39 installed packages in /home/emsi/tiago_public_ws/install
[0.271s] DEBUG:colcon.colcon_installed_package_information.package_discovery:Found 393 installed packages in /opt/ros/humble
[0.272s] Level 1:colcon.colcon_core.package_discovery:discover_packages(prefix_path) using defaults
[0.309s] Level 5:colcon.colcon_core.verb:set package 'my_pkg1' build argument 'cmake_args' from command line to 'None'
[0.309s] Level 5:colcon.colcon_core.verb:set package 'my_pkg1' build argument 'cmake_target' from command line to 'None'
[0.309s] Level 5:colcon.colcon_core.verb:set package 'my_pkg1' build argument 'cmake_target_skip_unavailable' from command line to 'False'
[0.309s] Level 5:colcon.colcon_core.verb:set package 'my_pkg1' build argument 'cmake_clean_cache' from command line to 'False'
[0.309s] Level 5:colcon.colcon_core.verb:set package 'my_pkg1' build argument 'cmake_clean_first' from command line to 'False'
[0.309s] Level 5:colcon.colcon_core.verb:set package 'my_pkg1' build argument 'cmake_force_configure' from command line to 'False'
[0.310s] Level 5:colcon.colcon_core.verb:set package 'my_pkg1' build argument 'ament_cmake_args' from command line to 'None'
[0.310s] Level 5:colcon.colcon_core.verb:set package 'my_pkg1' build argument 'catkin_cmake_args' from command line to 'None'
[0.310s] Level 5:colcon.colcon_core.verb:set package 'my_pkg1' build argument 'catkin_skip_building_tests' from command line to 'False'
[0.310s] DEBUG:colcon.colcon_core.verb:Building package 'my_pkg1' with the following arguments: {'ament_cmake_args': None, 'build_base': '/home/emsi/rob2_ws/build/my_pkg1', 'catkin_cmake_args': None, 'catkin_skip_building_tests': False, 'cmake_args': None, 'cmake_clean_cache': False, 'cmake_clean_first': False, 'cmake_force_configure': False, 'cmake_target': None, 'cmake_target_skip_unavailable': False, 'install_base': '/home/emsi/rob2_ws/install/my_pkg1', 'merge_install': False, 'path': '/home/emsi/rob2_ws/src/my_pkg1', 'symlink_install': False, 'test_result_base': None}
[0.310s] Level 5:colcon.colcon_core.verb:set package 'py_pubsub' build argument 'cmake_args' from command line to 'None'
[0.310s] Level 5:colcon.colcon_core.verb:set package 'py_pubsub' build argument 'cmake_target' from command line to 'None'
[0.310s] Level 5:colcon.colcon_core.verb:set package 'py_pubsub' build argument 'cmake_target_skip_unavailable' from command line to 'False'
[0.310s] Level 5:colcon.colcon_core.verb:set package 'py_pubsub' build argument 'cmake_clean_cache' from command line to 'False'
[0.310s] Level 5:colcon.colcon_core.verb:set package 'py_pubsub' build argument 'cmake_clean_first' from command line to 'False'
[0.310s] Level 5:colcon.colcon_core.verb:set package 'py_pubsub' build argument 'cmake_force_configure' from command line to 'False'
[0.310s] Level 5:colcon.colcon_core.verb:set package 'py_pubsub' build argument 'ament_cmake_args' from command line to 'None'
[0.310s] Level 5:colcon.colcon_core.verb:set package 'py_pubsub' build argument 'catkin_cmake_args' from command line to 'None'
[0.310s] Level 5:colcon.colcon_core.verb:set package 'py_pubsub' build argument 'catkin_skip_building_tests' from command line to 'False'
[0.310s] DEBUG:colcon.colcon_core.verb:Building package 'py_pubsub' with the following arguments: {'ament_cmake_args': None, 'build_base': '/home/emsi/rob2_ws/build/py_pubsub', 'catkin_cmake_args': None, 'catkin_skip_building_tests': False, 'cmake_args': None, 'cmake_clean_cache': False, 'cmake_clean_first': False, 'cmake_force_configure': False, 'cmake_target': None, 'cmake_target_skip_unavailable': False, 'install_base': '/home/emsi/rob2_ws/install/py_pubsub', 'merge_install': False, 'path': '/home/emsi/rob2_ws/src/py_pubsub', 'symlink_install': False, 'test_result_base': None}
[0.311s] Level 5:colcon.colcon_core.verb:set package 'tiago_pkg' build argument 'cmake_args' from command line to 'None'
[0.311s] Level 5:colcon.colcon_core.verb:set package 'tiago_pkg' build argument 'cmake_target' from command line to 'None'
[0.311s] Level 5:colcon.colcon_core.verb:set package 'tiago_pkg' build argument 'cmake_target_skip_unavailable' from command line to 'False'
[0.311s] Level 5:colcon.colcon_core.verb:set package 'tiago_pkg' build argument 'cmake_clean_cache' from command line to 'False'
[0.311s] Level 5:colcon.colcon_core.verb:set package 'tiago_pkg' build argument 'cmake_clean_first' from command line to 'False'
[0.311s] Level 5:colcon.colcon_core.verb:set package 'tiago_pkg' build argument 'cmake_force_configure' from command line to 'False'
[0.311s] Level 5:colcon.colcon_core.verb:set package 'tiago_pkg' build argument 'ament_cmake_args' from command line to 'None'
[0.311s] Level 5:colcon.colcon_core.verb:set package 'tiago_pkg' build argument 'catkin_cmake_args' from command line to 'None'
[0.311s] Level 5:colcon.colcon_core.verb:set package 'tiago_pkg' build argument 'catkin_skip_building_tests' from command line to 'False'
[0.311s] DEBUG:colcon.colcon_core.verb:Building package 'tiago_pkg' with the following arguments: {'ament_cmake_args': None, 'build_base': '/home/emsi/rob2_ws/build/tiago_pkg', 'catkin_cmake_args': None, 'catkin_skip_building_tests': False, 'cmake_args': None, 'cmake_clean_cache': False, 'cmake_clean_first': False, 'cmake_force_configure': False, 'cmake_target': None, 'cmake_target_skip_unavailable': False, 'install_base': '/home/emsi/rob2_ws/install/tiago_pkg', 'merge_install': False, 'path': '/home/emsi/rob2_ws/src/tiago_pkg', 'symlink_install': False, 'test_result_base': None}
[0.311s] INFO:colcon.colcon_core.executor:Executing jobs using 'parallel' executor
[0.312s] DEBUG:colcon.colcon_parallel_executor.executor.parallel:run_until_complete
[0.313s] INFO:colcon.colcon_ros.task.ament_cmake.build:Building ROS package in '/home/emsi/rob2_ws/src/my_pkg1' with build type 'ament_cmake'
[0.313s] INFO:colcon.colcon_cmake.task.cmake.build:Building CMake package in '/home/emsi/rob2_ws/src/my_pkg1'
[0.314s] INFO:colcon.colcon_core.plugin_system:Skipping extension 'colcon_core.shell.bat': Not used on non-Windows systems
[0.314s] INFO:colcon.colcon_core.shell:Skip shell extension 'powershell' for command environment: Not usable outside of PowerShell
[0.314s] DEBUG:colcon.colcon_core.shell:Skip shell extension 'dsv' for command environment
[0.318s] INFO:colcon.colcon_ros.task.ament_python.build:Building ROS package in '/home/emsi/rob2_ws/src/py_pubsub' with build type 'ament_python'
[0.318s] Level 1:colcon.colcon_core.shell:create_environment_hook('py_pubsub', 'ament_prefix_path')
[0.319s] INFO:colcon.colcon_core.shell:Creating environment hook '/home/emsi/rob2_ws/install/py_pubsub/share/py_pubsub/hook/ament_prefix_path.ps1'
[0.319s] INFO:colcon.colcon_core.shell:Creating environment descriptor '/home/emsi/rob2_ws/install/py_pubsub/share/py_pubsub/hook/ament_prefix_path.dsv'
[0.319s] INFO:colcon.colcon_core.shell:Creating environment hook '/home/emsi/rob2_ws/install/py_pubsub/share/py_pubsub/hook/ament_prefix_path.sh'
[0.320s] INFO:colcon.colcon_core.shell:Skip shell extension 'powershell' for command environment: Not usable outside of PowerShell
[0.320s] DEBUG:colcon.colcon_core.shell:Skip shell extension 'dsv' for command environment
[0.325s] INFO:colcon.colcon_ros.task.ament_python.build:Building ROS package in '/home/emsi/rob2_ws/src/tiago_pkg' with build type 'ament_python'
[0.325s] Level 1:colcon.colcon_core.shell:create_environment_hook('tiago_pkg', 'ament_prefix_path')
[0.326s] INFO:colcon.colcon_core.shell:Creating environment hook '/home/emsi/rob2_ws/install/tiago_pkg/share/tiago_pkg/hook/ament_prefix_path.ps1'
[0.327s] INFO:colcon.colcon_core.shell:Creating environment descriptor '/home/emsi/rob2_ws/install/tiago_pkg/share/tiago_pkg/hook/ament_prefix_path.dsv'
[0.327s] INFO:colcon.colcon_core.shell:Creating environment hook '/home/emsi/rob2_ws/install/tiago_pkg/share/tiago_pkg/hook/ament_prefix_path.sh'
[0.328s] INFO:colcon.colcon_core.shell:Skip shell extension 'powershell' for command environment: Not usable outside of PowerShell
[0.328s] DEBUG:colcon.colcon_core.shell:Skip shell extension 'dsv' for command environment
[0.335s] DEBUG:colcon.colcon_core.event_handler.log_command:Invoking command in '/home/emsi/rob2_ws/build/my_pkg1': CMAKE_PREFIX_PATH=${CMAKE_PREFIX_PATH}:/home/emsi/rob2_ws/install/tiago_pkg:/home/emsi/rob2_ws/install/py_pubsub:/home/emsi/tiago_public_ws/install/play_motion2_cli:/home/emsi/tiago_public_ws/install/launch_pal:/opt/ros/humble /usr/bin/cmake --build /home/emsi/rob2_ws/build/my_pkg1 -- -j8 -l8
[0.564s] INFO:colcon.colcon_core.task.python.build:Building Python package in '/home/emsi/rob2_ws/src/py_pubsub'
[0.565s] INFO:colcon.colcon_core.shell:Skip shell extension 'powershell' for command environment: Not usable outside of PowerShell
[0.565s] DEBUG:colcon.colcon_core.shell:Skip shell extension 'dsv' for command environment
[0.790s] INFO:colcon.colcon_core.task.python.build:Building Python package in '/home/emsi/rob2_ws/src/tiago_pkg'
[0.790s] INFO:colcon.colcon_core.shell:Skip shell extension 'powershell' for command environment: Not usable outside of PowerShell
[0.790s] DEBUG:colcon.colcon_core.shell:Skip shell extension 'dsv' for command environment
[0.796s] DEBUG:colcon.colcon_core.event_handler.log_command:Invoked command in '/home/emsi/rob2_ws/build/my_pkg1' returned '0': CMAKE_PREFIX_PATH=${CMAKE_PREFIX_PATH}:/home/emsi/rob2_ws/install/tiago_pkg:/home/emsi/rob2_ws/install/py_pubsub:/home/emsi/tiago_public_ws/install/play_motion2_cli:/home/emsi/tiago_public_ws/install/launch_pal:/opt/ros/humble /usr/bin/cmake --build /home/emsi/rob2_ws/build/my_pkg1 -- -j8 -l8
[0.803s] DEBUG:colcon.colcon_core.event_handler.log_command:Invoking command in '/home/emsi/rob2_ws/build/my_pkg1': CMAKE_PREFIX_PATH=${CMAKE_PREFIX_PATH}:/home/emsi/rob2_ws/install/tiago_pkg:/home/emsi/rob2_ws/install/py_pubsub:/home/emsi/tiago_public_ws/install/play_motion2_cli:/home/emsi/tiago_public_ws/install/launch_pal:/opt/ros/humble /usr/bin/cmake --install /home/emsi/rob2_ws/build/my_pkg1
[0.812s] Level 1:colcon.colcon_core.environment:create_environment_scripts_only(my_pkg1)
[0.813s] DEBUG:colcon.colcon_core.event_handler.log_command:Invoked command in '/home/emsi/rob2_ws/build/my_pkg1' returned '0': CMAKE_PREFIX_PATH=${CMAKE_PREFIX_PATH}:/home/emsi/rob2_ws/install/tiago_pkg:/home/emsi/rob2_ws/install/py_pubsub:/home/emsi/tiago_public_ws/install/play_motion2_cli:/home/emsi/tiago_public_ws/install/launch_pal:/opt/ros/humble /usr/bin/cmake --install /home/emsi/rob2_ws/build/my_pkg1
[0.814s] Level 1:colcon.colcon_core.environment:checking '/home/emsi/rob2_ws/install/my_pkg1' for CMake module files
[0.815s] Level 1:colcon.colcon_core.environment:checking '/home/emsi/rob2_ws/install/my_pkg1' for CMake config files
[0.815s] Level 1:colcon.colcon_core.shell:create_environment_hook('my_pkg1', 'cmake_prefix_path')
[0.815s] INFO:colcon.colcon_core.shell:Creating environment hook '/home/emsi/rob2_ws/install/my_pkg1/share/my_pkg1/hook/cmake_prefix_path.ps1'
[0.816s] INFO:colcon.colcon_core.shell:Creating environment descriptor '/home/emsi/rob2_ws/install/my_pkg1/share/my_pkg1/hook/cmake_prefix_path.dsv'
[0.816s] INFO:colcon.colcon_core.shell:Creating environment hook '/home/emsi/rob2_ws/install/my_pkg1/share/my_pkg1/hook/cmake_prefix_path.sh'
[0.816s] Level 1:colcon.colcon_core.environment:checking '/home/emsi/rob2_ws/install/my_pkg1/lib'
[0.816s] Level 1:colcon.colcon_core.environment:checking '/home/emsi/rob2_ws/install/my_pkg1/bin'
[0.816s] Level 1:colcon.colcon_core.environment:checking '/home/emsi/rob2_ws/install/my_pkg1/lib/pkgconfig/my_pkg1.pc'
[0.817s] Level 1:colcon.colcon_core.environment:checking '/home/emsi/rob2_ws/install/my_pkg1/lib/python3.10/site-packages'
[0.817s] Level 1:colcon.colcon_core.environment:checking '/home/emsi/rob2_ws/install/my_pkg1/bin'
[0.817s] INFO:colcon.colcon_core.shell:Creating package script '/home/emsi/rob2_ws/install/my_pkg1/share/my_pkg1/package.ps1'
[0.817s] INFO:colcon.colcon_core.shell:Creating package descriptor '/home/emsi/rob2_ws/install/my_pkg1/share/my_pkg1/package.dsv'
[0.818s] INFO:colcon.colcon_core.shell:Creating package script '/home/emsi/rob2_ws/install/my_pkg1/share/my_pkg1/package.sh'
[0.818s] INFO:colcon.colcon_core.shell:Creating package script '/home/emsi/rob2_ws/install/my_pkg1/share/my_pkg1/package.bash'
[0.820s] INFO:colcon.colcon_core.shell:Creating package script '/home/emsi/rob2_ws/install/my_pkg1/share/my_pkg1/package.zsh'
[0.820s] Level 1:colcon.colcon_core.environment:create_file_with_runtime_dependencies(/home/emsi/rob2_ws/install/my_pkg1/share/colcon-core/packages/my_pkg1)
[0.821s] Level 1:colcon.colcon_core.environment:create_environment_scripts_only(my_pkg1)
[0.822s] Level 1:colcon.colcon_core.environment:checking '/home/emsi/rob2_ws/install/my_pkg1' for CMake module files
[0.822s] Level 1:colcon.colcon_core.environment:checking '/home/emsi/rob2_ws/install/my_pkg1' for CMake config files
[0.822s] Level 1:colcon.colcon_core.shell:create_environment_hook('my_pkg1', 'cmake_prefix_path')
[0.822s] INFO:colcon.colcon_core.shell:Creating environment hook '/home/emsi/rob2_ws/install/my_pkg1/share/my_pkg1/hook/cmake_prefix_path.ps1'
[0.823s] INFO:colcon.colcon_core.shell:Creating environment descriptor '/home/emsi/rob2_ws/install/my_pkg1/share/my_pkg1/hook/cmake_prefix_path.dsv'
[0.823s] INFO:colcon.colcon_core.shell:Creating environment hook '/home/emsi/rob2_ws/install/my_pkg1/share/my_pkg1/hook/cmake_prefix_path.sh'
[0.823s] Level 1:colcon.colcon_core.environment:checking '/home/emsi/rob2_ws/install/my_pkg1/lib'
[0.823s] Level 1:colcon.colcon_core.environment:checking '/home/emsi/rob2_ws/install/my_pkg1/bin'
[0.823s] Level 1:colcon.colcon_core.environment:checking '/home/emsi/rob2_ws/install/my_pkg1/lib/pkgconfig/my_pkg1.pc'
[0.824s] Level 1:colcon.colcon_core.environment:checking '/home/emsi/rob2_ws/install/my_pkg1/lib/python3.10/site-packages'
[0.824s] Level 1:colcon.colcon_core.environment:checking '/home/emsi/rob2_ws/install/my_pkg1/bin'
[0.824s] INFO:colcon.colcon_core.shell:Creating package script '/home/emsi/rob2_ws/install/my_pkg1/share/my_pkg1/package.ps1'
[0.825s] INFO:colcon.colcon_core.shell:Creating package descriptor '/home/emsi/rob2_ws/install/my_pkg1/share/my_pkg1/package.dsv'
[0.825s] INFO:colcon.colcon_core.shell:Creating package script '/home/emsi/rob2_ws/install/my_pkg1/share/my_pkg1/package.sh'
[0.826s] INFO:colcon.colcon_core.shell:Creating package script '/home/emsi/rob2_ws/install/my_pkg1/share/my_pkg1/package.bash'
[0.826s] INFO:colcon.colcon_core.shell:Creating package script '/home/emsi/rob2_ws/install/my_pkg1/share/my_pkg1/package.zsh'
[0.826s] Level 1:colcon.colcon_core.environment:create_file_with_runtime_dependencies(/home/emsi/rob2_ws/install/my_pkg1/share/colcon-core/packages/my_pkg1)
[1.139s] DEBUG:colcon.colcon_core.event_handler.log_command:Invoking command in '/home/emsi/rob2_ws/src/tiago_pkg': PYTHONPATH=/home/emsi/rob2_ws/build/tiago_pkg/prefix_override:/usr/lib/python3/dist-packages/colcon_core/task/python/colcon_distutils_commands:/home/emsi/rob2_ws/install/tiago_pkg/lib/python3.10/site-packages:${PYTHONPATH} /usr/bin/python3 -W ignore:setup.py install is deprecated -W ignore:easy_install command is deprecated setup.py egg_info --egg-base ../../build/tiago_pkg build --build-base /home/emsi/rob2_ws/build/tiago_pkg/build install --record /home/emsi/rob2_ws/build/tiago_pkg/install.log --single-version-externally-managed install_data
[1.145s] DEBUG:colcon.colcon_core.event_handler.log_command:Invoking command in '/home/emsi/rob2_ws/src/py_pubsub': PYTHONPATH=/home/emsi/rob2_ws/build/py_pubsub/prefix_override:/usr/lib/python3/dist-packages/colcon_core/task/python/colcon_distutils_commands:/home/emsi/rob2_ws/install/py_pubsub/lib/python3.10/site-packages:${PYTHONPATH} /usr/bin/python3 -W ignore:setup.py install is deprecated -W ignore:easy_install command is deprecated setup.py egg_info --egg-base ../../build/py_pubsub build --build-base /home/emsi/rob2_ws/build/py_pubsub/build install --record /home/emsi/rob2_ws/build/py_pubsub/install.log --single-version-externally-managed install_data
[1.409s] Level 1:colcon.colcon_core.environment:checking '/home/emsi/rob2_ws/install/tiago_pkg' for CMake module files
[1.410s] DEBUG:colcon.colcon_core.event_handler.log_command:Invoked command in '/home/emsi/rob2_ws/src/tiago_pkg' returned '0': PYTHONPATH=/home/emsi/rob2_ws/build/tiago_pkg/prefix_override:/usr/lib/python3/dist-packages/colcon_core/task/python/colcon_distutils_commands:/home/emsi/rob2_ws/install/tiago_pkg/lib/python3.10/site-packages:${PYTHONPATH} /usr/bin/python3 -W ignore:setup.py install is deprecated -W ignore:easy_install command is deprecated setup.py egg_info --egg-base ../../build/tiago_pkg build --build-base /home/emsi/rob2_ws/build/tiago_pkg/build install --record /home/emsi/rob2_ws/build/tiago_pkg/install.log --single-version-externally-managed install_data
[1.410s] Level 1:colcon.colcon_core.environment:checking '/home/emsi/rob2_ws/install/tiago_pkg' for CMake config files
[1.411s] Level 1:colcon.colcon_core.environment:checking '/home/emsi/rob2_ws/install/tiago_pkg/lib'
[1.411s] Level 1:colcon.colcon_core.environment:checking '/home/emsi/rob2_ws/install/tiago_pkg/bin'
[1.411s] Level 1:colcon.colcon_core.environment:checking '/home/emsi/rob2_ws/install/tiago_pkg/lib/pkgconfig/tiago_pkg.pc'
[1.411s] Level 1:colcon.colcon_core.environment:checking '/home/emsi/rob2_ws/install/tiago_pkg/lib/python3.10/site-packages'
[1.411s] Level 1:colcon.colcon_core.shell:create_environment_hook('tiago_pkg', 'pythonpath')
[1.411s] INFO:colcon.colcon_core.shell:Creating environment hook '/home/emsi/rob2_ws/install/tiago_pkg/share/tiago_pkg/hook/pythonpath.ps1'
[1.412s] INFO:colcon.colcon_core.shell:Creating environment descriptor '/home/emsi/rob2_ws/install/tiago_pkg/share/tiago_pkg/hook/pythonpath.dsv'
[1.412s] INFO:colcon.colcon_core.shell:Creating environment hook '/home/emsi/rob2_ws/install/tiago_pkg/share/tiago_pkg/hook/pythonpath.sh'
[1.413s] Level 1:colcon.colcon_core.environment:checking '/home/emsi/rob2_ws/install/tiago_pkg/bin'
[1.413s] Level 1:colcon.colcon_core.environment:create_environment_scripts_only(tiago_pkg)
[1.413s] INFO:colcon.colcon_core.shell:Creating package script '/home/emsi/rob2_ws/install/tiago_pkg/share/tiago_pkg/package.ps1'
[1.414s] INFO:colcon.colcon_core.shell:Creating package descriptor '/home/emsi/rob2_ws/install/tiago_pkg/share/tiago_pkg/package.dsv'
[1.414s] INFO:colcon.colcon_core.shell:Creating package script '/home/emsi/rob2_ws/install/tiago_pkg/share/tiago_pkg/package.sh'
[1.415s] INFO:colcon.colcon_core.shell:Creating package script '/home/emsi/rob2_ws/install/tiago_pkg/share/tiago_pkg/package.bash'
[1.415s] INFO:colcon.colcon_core.shell:Creating package script '/home/emsi/rob2_ws/install/tiago_pkg/share/tiago_pkg/package.zsh'
[1.415s] Level 1:colcon.colcon_core.environment:create_file_with_runtime_dependencies(/home/emsi/rob2_ws/install/tiago_pkg/share/colcon-core/packages/tiago_pkg)
[1.416s] Level 1:colcon.colcon_core.environment:checking '/home/emsi/rob2_ws/install/py_pubsub' for CMake module files
[1.416s] DEBUG:colcon.colcon_core.event_handler.log_command:Invoked command in '/home/emsi/rob2_ws/src/py_pubsub' returned '0': PYTHONPATH=/home/emsi/rob2_ws/build/py_pubsub/prefix_override:/usr/lib/python3/dist-packages/colcon_core/task/python/colcon_distutils_commands:/home/emsi/rob2_ws/install/py_pubsub/lib/python3.10/site-packages:${PYTHONPATH} /usr/bin/python3 -W ignore:setup.py install is deprecated -W ignore:easy_install command is deprecated setup.py egg_info --egg-base ../../build/py_pubsub build --build-base /home/emsi/rob2_ws/build/py_pubsub/build install --record /home/emsi/rob2_ws/build/py_pubsub/install.log --single-version-externally-managed install_data
[1.416s] Level 1:colcon.colcon_core.environment:checking '/home/emsi/rob2_ws/install/py_pubsub' for CMake config files
[1.417s] Level 1:colcon.colcon_core.environment:checking '/home/emsi/rob2_ws/install/py_pubsub/lib'
[1.417s] Level 1:colcon.colcon_core.environment:checking '/home/emsi/rob2_ws/install/py_pubsub/bin'
[1.417s] Level 1:colcon.colcon_core.environment:checking '/home/emsi/rob2_ws/install/py_pubsub/lib/pkgconfig/py_pubsub.pc'
[1.417s] Level 1:colcon.colcon_core.environment:checking '/home/emsi/rob2_ws/install/py_pubsub/lib/python3.10/site-packages'
[1.417s] Level 1:colcon.colcon_core.shell:create_environment_hook('py_pubsub', 'pythonpath')
[1.417s] INFO:colcon.colcon_core.shell:Creating environment hook '/home/emsi/rob2_ws/install/py_pubsub/share/py_pubsub/hook/pythonpath.ps1'
[1.418s] INFO:colcon.colcon_core.shell:Creating environment descriptor '/home/emsi/rob2_ws/install/py_pubsub/share/py_pubsub/hook/pythonpath.dsv'
[1.418s] INFO:colcon.colcon_core.shell:Creating environment hook '/home/emsi/rob2_ws/install/py_pubsub/share/py_pubsub/hook/pythonpath.sh'
[1.418s] Level 1:colcon.colcon_core.environment:checking '/home/emsi/rob2_ws/install/py_pubsub/bin'
[1.418s] Level 1:colcon.colcon_core.environment:create_environment_scripts_only(py_pubsub)
[1.419s] INFO:colcon.colcon_core.shell:Creating package script '/home/emsi/rob2_ws/install/py_pubsub/share/py_pubsub/package.ps1'
[1.419s] INFO:colcon.colcon_core.shell:Creating package descriptor '/home/emsi/rob2_ws/install/py_pubsub/share/py_pubsub/package.dsv'
[1.419s] INFO:colcon.colcon_core.shell:Creating package script '/home/emsi/rob2_ws/install/py_pubsub/share/py_pubsub/package.sh'
[1.419s] INFO:colcon.colcon_core.shell:Creating package script '/home/emsi/rob2_ws/install/py_pubsub/share/py_pubsub/package.bash'
[1.420s] INFO:colcon.colcon_core.shell:Creating package script '/home/emsi/rob2_ws/install/py_pubsub/share/py_pubsub/package.zsh'
[1.420s] Level 1:colcon.colcon_core.environment:create_file_with_runtime_dependencies(/home/emsi/rob2_ws/install/py_pubsub/share/colcon-core/packages/py_pubsub)
[1.420s] DEBUG:colcon.colcon_parallel_executor.executor.parallel:closing loop
[1.420s] DEBUG:colcon.colcon_parallel_executor.executor.parallel:loop closed
[1.420s] DEBUG:colcon.colcon_parallel_executor.executor.parallel:run_until_complete finished with '0'
[1.420s] DEBUG:colcon.colcon_core.event_reactor:joining thread
[1.424s] INFO:colcon.colcon_core.plugin_system:Skipping extension 'colcon_notification.desktop_notification.terminal_notifier': Not used on non-Darwin systems
[1.424s] INFO:colcon.colcon_core.plugin_system:Skipping extension 'colcon_notification.desktop_notification.win32': Not used on non-Windows systems
[1.424s] INFO:colcon.colcon_notification.desktop_notification:Sending desktop notification using 'notify2'
[1.436s] DEBUG:colcon.colcon_core.event_reactor:joined thread
[1.437s] INFO:colcon.colcon_core.shell:Creating prefix script '/home/emsi/rob2_ws/install/local_setup.ps1'
[1.438s] INFO:colcon.colcon_core.shell:Creating prefix util module '/home/emsi/rob2_ws/install/_local_setup_util_ps1.py'
[1.439s] INFO:colcon.colcon_core.shell:Creating prefix chain script '/home/emsi/rob2_ws/install/setup.ps1'
[1.440s] INFO:colcon.colcon_core.shell:Creating prefix script '/home/emsi/rob2_ws/install/local_setup.sh'
[1.441s] INFO:colcon.colcon_core.shell:Creating prefix util module '/home/emsi/rob2_ws/install/_local_setup_util_sh.py'
[1.441s] INFO:colcon.colcon_core.shell:Creating prefix chain script '/home/emsi/rob2_ws/install/setup.sh'
[1.444s] INFO:colcon.colcon_core.shell:Creating prefix script '/home/emsi/rob2_ws/install/local_setup.bash'
[1.444s] INFO:colcon.colcon_core.shell:Creating prefix chain script '/home/emsi/rob2_ws/install/setup.bash'
[1.447s] INFO:colcon.colcon_core.shell:Creating prefix script '/home/emsi/rob2_ws/install/local_setup.zsh'
[1.447s] INFO:colcon.colcon_core.shell:Creating prefix chain script '/home/emsi/rob2_ws/install/setup.zsh'
