[0.644s] Invoking command in '/home/emsi/rob2_ws/src/py_pubsub': PYTHONPATH=/home/emsi/rob2_ws/src/py_pubsub/build/py_pubsub/prefix_override:/usr/lib/python3/dist-packages/colcon_core/task/python/colcon_distutils_commands:/home/emsi/rob2_ws/src/py_pubsub/install/py_pubsub/lib/python3.10/site-packages:${PYTHONPATH} /usr/bin/python3 -W ignore:setup.py install is deprecated -W ignore:easy_install command is deprecated setup.py egg_info --egg-base build/py_pubsub build --build-base /home/emsi/rob2_ws/src/py_pubsub/build/py_pubsub/build install --record /home/emsi/rob2_ws/src/py_pubsub/build/py_pubsub/install.log --single-version-externally-managed install_data
[0.842s] running egg_info
[0.843s] creating build/py_pubsub/py_pubsub.egg-info
[0.843s] writing build/py_pubsub/py_pubsub.egg-info/PKG-INFO
[0.843s] writing dependency_links to build/py_pubsub/py_pubsub.egg-info/dependency_links.txt
[0.843s] writing entry points to build/py_pubsub/py_pubsub.egg-info/entry_points.txt
[0.844s] writing requirements to build/py_pubsub/py_pubsub.egg-info/requires.txt
[0.844s] writing top-level names to build/py_pubsub/py_pubsub.egg-info/top_level.txt
[0.844s] writing manifest file 'build/py_pubsub/py_pubsub.egg-info/SOURCES.txt'
[0.847s] reading manifest file 'build/py_pubsub/py_pubsub.egg-info/SOURCES.txt'
[0.847s] adding license file 'LICENSE'
[0.848s] writing manifest file 'build/py_pubsub/py_pubsub.egg-info/SOURCES.txt'
[0.848s] running build
[0.848s] running build_py
[0.848s] creating /home/emsi/rob2_ws/src/py_pubsub/build/py_pubsub/build
[0.848s] creating /home/emsi/rob2_ws/src/py_pubsub/build/py_pubsub/build/lib
[0.848s] creating /home/emsi/rob2_ws/src/py_pubsub/build/py_pubsub/build/lib/py_pubsub
[0.848s] copying py_pubsub/subscriber_member_function.py -> /home/emsi/rob2_ws/src/py_pubsub/build/py_pubsub/build/lib/py_pubsub
[0.848s] copying py_pubsub/turtle_subscriber_publisher.py -> /home/emsi/rob2_ws/src/py_pubsub/build/py_pubsub/build/lib/py_pubsub
[0.848s] copying py_pubsub/publisher_member_function.py -> /home/emsi/rob2_ws/src/py_pubsub/build/py_pubsub/build/lib/py_pubsub
[0.848s] copying py_pubsub/tiago.py -> /home/emsi/rob2_ws/src/py_pubsub/build/py_pubsub/build/lib/py_pubsub
[0.848s] copying py_pubsub/__init__.py -> /home/emsi/rob2_ws/src/py_pubsub/build/py_pubsub/build/lib/py_pubsub
[0.848s] running install
[0.849s] running install_lib
[0.849s] creating /home/emsi/rob2_ws/src/py_pubsub/install/py_pubsub/lib/python3.10/site-packages/py_pubsub
[0.849s] copying /home/emsi/rob2_ws/src/py_pubsub/build/py_pubsub/build/lib/py_pubsub/subscriber_member_function.py -> /home/emsi/rob2_ws/src/py_pubsub/install/py_pubsub/lib/python3.10/site-packages/py_pubsub
[0.849s] copying /home/emsi/rob2_ws/src/py_pubsub/build/py_pubsub/build/lib/py_pubsub/turtle_subscriber_publisher.py -> /home/emsi/rob2_ws/src/py_pubsub/install/py_pubsub/lib/python3.10/site-packages/py_pubsub
[0.849s] copying /home/emsi/rob2_ws/src/py_pubsub/build/py_pubsub/build/lib/py_pubsub/publisher_member_function.py -> /home/emsi/rob2_ws/src/py_pubsub/install/py_pubsub/lib/python3.10/site-packages/py_pubsub
[0.849s] copying /home/emsi/rob2_ws/src/py_pubsub/build/py_pubsub/build/lib/py_pubsub/tiago.py -> /home/emsi/rob2_ws/src/py_pubsub/install/py_pubsub/lib/python3.10/site-packages/py_pubsub
[0.849s] copying /home/emsi/rob2_ws/src/py_pubsub/build/py_pubsub/build/lib/py_pubsub/__init__.py -> /home/emsi/rob2_ws/src/py_pubsub/install/py_pubsub/lib/python3.10/site-packages/py_pubsub
[0.850s] byte-compiling /home/emsi/rob2_ws/src/py_pubsub/install/py_pubsub/lib/python3.10/site-packages/py_pubsub/subscriber_member_function.py to subscriber_member_function.cpython-310.pyc
[0.850s] byte-compiling /home/emsi/rob2_ws/src/py_pubsub/install/py_pubsub/lib/python3.10/site-packages/py_pubsub/turtle_subscriber_publisher.py to turtle_subscriber_publisher.cpython-310.pyc
[0.850s] byte-compiling /home/emsi/rob2_ws/src/py_pubsub/install/py_pubsub/lib/python3.10/site-packages/py_pubsub/publisher_member_function.py to publisher_member_function.cpython-310.pyc
[0.851s] byte-compiling /home/emsi/rob2_ws/src/py_pubsub/install/py_pubsub/lib/python3.10/site-packages/py_pubsub/tiago.py to tiago.cpython-310.pyc
[0.851s] byte-compiling /home/emsi/rob2_ws/src/py_pubsub/install/py_pubsub/lib/python3.10/site-packages/py_pubsub/__init__.py to __init__.cpython-310.pyc
[0.851s] running install_data
[0.851s] creating /home/emsi/rob2_ws/src/py_pubsub/install/py_pubsub/share/ament_index
[0.851s] creating /home/emsi/rob2_ws/src/py_pubsub/install/py_pubsub/share/ament_index/resource_index
[0.851s] creating /home/emsi/rob2_ws/src/py_pubsub/install/py_pubsub/share/ament_index/resource_index/packages
[0.851s] copying resource/py_pubsub -> /home/emsi/rob2_ws/src/py_pubsub/install/py_pubsub/share/ament_index/resource_index/packages
[0.851s] copying package.xml -> /home/emsi/rob2_ws/src/py_pubsub/install/py_pubsub/share/py_pubsub
[0.851s] running install_egg_info
[0.853s] Copying build/py_pubsub/py_pubsub.egg-info to /home/emsi/rob2_ws/src/py_pubsub/install/py_pubsub/lib/python3.10/site-packages/py_pubsub-0.0.0-py3.10.egg-info
[0.853s] running install_scripts
[0.872s] Installing listener script to /home/emsi/rob2_ws/src/py_pubsub/install/py_pubsub/lib/py_pubsub
[0.873s] Installing my_turtle script to /home/emsi/rob2_ws/src/py_pubsub/install/py_pubsub/lib/py_pubsub
[0.873s] Installing talker script to /home/emsi/rob2_ws/src/py_pubsub/install/py_pubsub/lib/py_pubsub
[0.873s] writing list of installed files to '/home/emsi/rob2_ws/src/py_pubsub/build/py_pubsub/install.log'
[0.904s] Invoked command in '/home/emsi/rob2_ws/src/py_pubsub' returned '0': PYTHONPATH=/home/emsi/rob2_ws/src/py_pubsub/build/py_pubsub/prefix_override:/usr/lib/python3/dist-packages/colcon_core/task/python/colcon_distutils_commands:/home/emsi/rob2_ws/src/py_pubsub/install/py_pubsub/lib/python3.10/site-packages:${PYTHONPATH} /usr/bin/python3 -W ignore:setup.py install is deprecated -W ignore:easy_install command is deprecated setup.py egg_info --egg-base build/py_pubsub build --build-base /home/emsi/rob2_ws/src/py_pubsub/build/py_pubsub/build install --record /home/emsi/rob2_ws/src/py_pubsub/build/py_pubsub/install.log --single-version-externally-managed install_data
