[0.093s] DEBUG:colcon:Command line arguments: ['/usr/bin/colcon', 'build']
[0.093s] DEBUG:colcon:Parsed command line arguments: Namespace(log_base=None, log_level=None, verb_name='build', build_base='build', install_base='install', merge_install=False, symlink_install=False, test_result_base=None, continue_on_error=False, executor='parallel', parallel_workers=8, event_handlers=None, ignore_user_meta=False, metas=['./colcon.meta'], base_paths=['.'], packages_ignore=None, packages_ignore_regex=None, paths=None, packages_up_to=None, packages_up_to_regex=None, packages_above=None, packages_above_and_dependencies=None, packages_above_depth=None, packages_select_by_dep=None, packages_skip_by_dep=None, packages_skip_up_to=None, packages_select_build_failed=False, packages_skip_build_finished=False, packages_select_test_failures=False, packages_skip_test_passed=False, packages_select=None, packages_skip=None, packages_select_regex=None, packages_skip_regex=None, packages_start=None, packages_end=None, allow_overriding=[], cmake_args=None, cmake_target=None, cmake_target_skip_unavailable=False, cmake_clean_cache=False, cmake_clean_first=False, cmake_force_configure=False, ament_cmake_args=None, catkin_cmake_args=None, catkin_skip_building_tests=False, mixin_files=None, mixin=None, verb_parser=<colcon_mixin.mixin.mixin_argument.MixinArgumentDecorator object at 0x7d9bdc32c6d0>, verb_extension=<colcon_core.verb.build.BuildVerb object at 0x7d9bdc48d780>, main=<bound method BuildVerb.main of <colcon_core.verb.build.BuildVerb object at 0x7d9bdc48d780>>, mixin_verb=('build',))
[0.229s] Level 1:colcon.colcon_core.package_discovery:discover_packages(colcon_meta) check parameters
[0.230s] Level 1:colcon.colcon_core.package_discovery:discover_packages(recursive) check parameters
[0.230s] Level 1:colcon.colcon_core.package_discovery:discover_packages(ignore) check parameters
[0.230s] Level 1:colcon.colcon_core.package_discovery:discover_packages(path) check parameters
[0.230s] Level 1:colcon.colcon_core.package_discovery:discover_packages(colcon_meta) discover
[0.230s] Level 1:colcon.colcon_core.package_discovery:discover_packages(recursive) discover
[0.230s] INFO:colcon.colcon_core.package_discovery:Crawling recursively for packages in '/home/emsi/rob2_ws'
[0.230s] Level 1:colcon.colcon_core.package_identification:_identify(.) by extensions ['ignore', 'ignore_ament_install']
[0.230s] Level 1:colcon.colcon_core.package_identification:_identify(.) by extension 'ignore'
[0.230s] Level 1:colcon.colcon_core.package_identification:_identify(.) by extension 'ignore_ament_install'
[0.230s] Level 1:colcon.colcon_core.package_identification:_identify(.) by extensions ['colcon_pkg']
[0.230s] Level 1:colcon.colcon_core.package_identification:_identify(.) by extension 'colcon_pkg'
[0.230s] Level 1:colcon.colcon_core.package_identification:_identify(.) by extensions ['colcon_meta']
[0.230s] Level 1:colcon.colcon_core.package_identification:_identify(.) by extension 'colcon_meta'
[0.230s] Level 1:colcon.colcon_core.package_identification:_identify(.) by extensions ['ros']
[0.230s] Level 1:colcon.colcon_core.package_identification:_identify(.) by extension 'ros'
[0.239s] Level 1:colcon.colcon_core.package_identification:_identify(.) by extensions ['cmake', 'python']
[0.239s] Level 1:colcon.colcon_core.package_identification:_identify(.) by extension 'cmake'
[0.239s] Level 1:colcon.colcon_core.package_identification:_identify(.) by extension 'python'
[0.239s] Level 1:colcon.colcon_core.package_identification:_identify(.) by extensions ['python_setup_py']
[0.239s] Level 1:colcon.colcon_core.package_identification:_identify(.) by extension 'python_setup_py'
[0.239s] Level 1:colcon.colcon_core.package_identification:_identify(build) by extensions ['ignore', 'ignore_ament_install']
[0.239s] Level 1:colcon.colcon_core.package_identification:_identify(build) by extension 'ignore'
[0.239s] Level 1:colcon.colcon_core.package_identification:_identify(build) ignored
[0.239s] Level 1:colcon.colcon_core.package_identification:_identify(install) by extensions ['ignore', 'ignore_ament_install']
[0.239s] Level 1:colcon.colcon_core.package_identification:_identify(install) by extension 'ignore'
[0.239s] Level 1:colcon.colcon_core.package_identification:_identify(install) ignored
[0.239s] Level 1:colcon.colcon_core.package_identification:_identify(log) by extensions ['ignore', 'ignore_ament_install']
[0.239s] Level 1:colcon.colcon_core.package_identification:_identify(log) by extension 'ignore'
[0.239s] Level 1:colcon.colcon_core.package_identification:_identify(log) ignored
[0.239s] Level 1:colcon.colcon_core.package_identification:_identify(src) by extensions ['ignore', 'ignore_ament_install']
[0.239s] Level 1:colcon.colcon_core.package_identification:_identify(src) by extension 'ignore'
[0.239s] Level 1:colcon.colcon_core.package_identification:_identify(src) by extension 'ignore_ament_install'
[0.240s] Level 1:colcon.colcon_core.package_identification:_identify(src) by extensions ['colcon_pkg']
[0.240s] Level 1:colcon.colcon_core.package_identification:_identify(src) by extension 'colcon_pkg'
[0.240s] Level 1:colcon.colcon_core.package_identification:_identify(src) by extensions ['colcon_meta']
[0.240s] Level 1:colcon.colcon_core.package_identification:_identify(src) by extension 'colcon_meta'
[0.240s] Level 1:colcon.colcon_core.package_identification:_identify(src) by extensions ['ros']
[0.240s] Level 1:colcon.colcon_core.package_identification:_identify(src) by extension 'ros'
[0.240s] Level 1:colcon.colcon_core.package_identification:_identify(src) by extensions ['cmake', 'python']
[0.240s] Level 1:colcon.colcon_core.package_identification:_identify(src) by extension 'cmake'
[0.240s] Level 1:colcon.colcon_core.package_identification:_identify(src) by extension 'python'
[0.240s] Level 1:colcon.colcon_core.package_identification:_identify(src) by extensions ['python_setup_py']
[0.240s] Level 1:colcon.colcon_core.package_identification:_identify(src) by extension 'python_setup_py'
[0.240s] Level 1:colcon.colcon_core.package_identification:_identify(src/build) by extensions ['ignore', 'ignore_ament_install']
[0.240s] Level 1:colcon.colcon_core.package_identification:_identify(src/build) by extension 'ignore'
[0.240s] Level 1:colcon.colcon_core.package_identification:_identify(src/build) ignored
[0.240s] Level 1:colcon.colcon_core.package_identification:_identify(src/install) by extensions ['ignore', 'ignore_ament_install']
[0.240s] Level 1:colcon.colcon_core.package_identification:_identify(src/install) by extension 'ignore'
[0.240s] Level 1:colcon.colcon_core.package_identification:_identify(src/install) ignored
[0.240s] Level 1:colcon.colcon_core.package_identification:_identify(src/log) by extensions ['ignore', 'ignore_ament_install']
[0.241s] Level 1:colcon.colcon_core.package_identification:_identify(src/log) by extension 'ignore'
[0.241s] Level 1:colcon.colcon_core.package_identification:_identify(src/log) ignored
[0.241s] Level 1:colcon.colcon_core.package_identification:_identify(src/my_pkg1) by extensions ['ignore', 'ignore_ament_install']
[0.241s] Level 1:colcon.colcon_core.package_identification:_identify(src/my_pkg1) by extension 'ignore'
[0.241s] Level 1:colcon.colcon_core.package_identification:_identify(src/my_pkg1) by extension 'ignore_ament_install'
[0.241s] Level 1:colcon.colcon_core.package_identification:_identify(src/my_pkg1) by extensions ['colcon_pkg']
[0.241s] Level 1:colcon.colcon_core.package_identification:_identify(src/my_pkg1) by extension 'colcon_pkg'
[0.241s] Level 1:colcon.colcon_core.package_identification:_identify(src/my_pkg1) by extensions ['colcon_meta']
[0.241s] Level 1:colcon.colcon_core.package_identification:_identify(src/my_pkg1) by extension 'colcon_meta'
[0.241s] Level 1:colcon.colcon_core.package_identification:_identify(src/my_pkg1) by extensions ['ros']
[0.241s] Level 1:colcon.colcon_core.package_identification:_identify(src/my_pkg1) by extension 'ros'
[0.245s] DEBUG:colcon.colcon_core.package_identification:Package 'src/my_pkg1' with type 'ros.ament_cmake' and name 'my_pkg1'
[0.246s] Level 1:colcon.colcon_core.package_identification:_identify(src/py_pubsub) by extensions ['ignore', 'ignore_ament_install']
[0.246s] Level 1:colcon.colcon_core.package_identification:_identify(src/py_pubsub) by extension 'ignore'
[0.246s] Level 1:colcon.colcon_core.package_identification:_identify(src/py_pubsub) by extension 'ignore_ament_install'
[0.246s] Level 1:colcon.colcon_core.package_identification:_identify(src/py_pubsub) by extensions ['colcon_pkg']
[0.246s] Level 1:colcon.colcon_core.package_identification:_identify(src/py_pubsub) by extension 'colcon_pkg'
[0.246s] Level 1:colcon.colcon_core.package_identification:_identify(src/py_pubsub) by extensions ['colcon_meta']
[0.246s] Level 1:colcon.colcon_core.package_identification:_identify(src/py_pubsub) by extension 'colcon_meta'
[0.246s] Level 1:colcon.colcon_core.package_identification:_identify(src/py_pubsub) by extensions ['ros']
[0.246s] Level 1:colcon.colcon_core.package_identification:_identify(src/py_pubsub) by extension 'ros'
[0.247s] DEBUG:colcon.colcon_core.package_identification:Package 'src/py_pubsub' with type 'ros.ament_python' and name 'py_pubsub'
[0.248s] Level 1:colcon.colcon_core.package_identification:_identify(src/tiago_pkg) by extensions ['ignore', 'ignore_ament_install']
[0.248s] Level 1:colcon.colcon_core.package_identification:_identify(src/tiago_pkg) by extension 'ignore'
[0.248s] Level 1:colcon.colcon_core.package_identification:_identify(src/tiago_pkg) by extension 'ignore_ament_install'
[0.248s] Level 1:colcon.colcon_core.package_identification:_identify(src/tiago_pkg) by extensions ['colcon_pkg']
[0.248s] Level 1:colcon.colcon_core.package_identification:_identify(src/tiago_pkg) by extension 'colcon_pkg'
[0.248s] Level 1:colcon.colcon_core.package_identification:_identify(src/tiago_pkg) by extensions ['colcon_meta']
[0.248s] Level 1:colcon.colcon_core.package_identification:_identify(src/tiago_pkg) by extension 'colcon_meta'
[0.248s] Level 1:colcon.colcon_core.package_identification:_identify(src/tiago_pkg) by extensions ['ros']
[0.248s] Level 1:colcon.colcon_core.package_identification:_identify(src/tiago_pkg) by extension 'ros'
[0.249s] DEBUG:colcon.colcon_core.package_identification:Package 'src/tiago_pkg' with type 'ros.ament_python' and name 'tiago_pkg'
[0.249s] Level 1:colcon.colcon_core.package_discovery:discover_packages(recursive) using defaults
[0.249s] Level 1:colcon.colcon_core.package_discovery:discover_packages(ignore) discover
[0.249s] Level 1:colcon.colcon_core.package_discovery:discover_packages(ignore) using defaults
[0.249s] Level 1:colcon.colcon_core.package_discovery:discover_packages(path) discover
[0.249s] Level 1:colcon.colcon_core.package_discovery:discover_packages(path) using defaults
[0.280s] Level 1:colcon.colcon_core.package_discovery:discover_packages(prefix_path) check parameters
[0.280s] Level 1:colcon.colcon_core.package_discovery:discover_packages(prefix_path) discover
[0.281s] DEBUG:colcon.colcon_installed_package_information.package_discovery:Found 3 installed packages in /home/emsi/rob2_ws/install
[0.281s] DEBUG:colcon.colcon_installed_package_information.package_discovery:Found 1 installed packages in /home/emsi/rob2_ws/src/py_pubsub/install
[0.283s] DEBUG:colcon.colcon_installed_package_information.package_discovery:Found 392 installed packages in /opt/ros/humble
[0.284s] Level 1:colcon.colcon_core.package_discovery:discover_packages(prefix_path) using defaults
[0.321s] Level 5:colcon.colcon_core.verb:set package 'my_pkg1' build argument 'cmake_args' from command line to 'None'
[0.321s] Level 5:colcon.colcon_core.verb:set package 'my_pkg1' build argument 'cmake_target' from command line to 'None'
[0.321s] Level 5:colcon.colcon_core.verb:set package 'my_pkg1' build argument 'cmake_target_skip_unavailable' from command line to 'False'
[0.321s] Level 5:colcon.colcon_core.verb:set package 'my_pkg1' build argument 'cmake_clean_cache' from command line to 'False'
[0.321s] Level 5:colcon.colcon_core.verb:set package 'my_pkg1' build argument 'cmake_clean_first' from command line to 'False'
[0.321s] Level 5:colcon.colcon_core.verb:set package 'my_pkg1' build argument 'cmake_force_configure' from command line to 'False'
[0.321s] Level 5:colcon.colcon_core.verb:set package 'my_pkg1' build argument 'ament_cmake_args' from command line to 'None'
[0.321s] Level 5:colcon.colcon_core.verb:set package 'my_pkg1' build argument 'catkin_cmake_args' from command line to 'None'
[0.321s] Level 5:colcon.colcon_core.verb:set package 'my_pkg1' build argument 'catkin_skip_building_tests' from command line to 'False'
[0.321s] DEBUG:colcon.colcon_core.verb:Building package 'my_pkg1' with the following arguments: {'ament_cmake_args': None, 'build_base': '/home/emsi/rob2_ws/build/my_pkg1', 'catkin_cmake_args': None, 'catkin_skip_building_tests': False, 'cmake_args': None, 'cmake_clean_cache': False, 'cmake_clean_first': False, 'cmake_force_configure': False, 'cmake_target': None, 'cmake_target_skip_unavailable': False, 'install_base': '/home/emsi/rob2_ws/install/my_pkg1', 'merge_install': False, 'path': '/home/emsi/rob2_ws/src/my_pkg1', 'symlink_install': False, 'test_result_base': None}
[0.321s] Level 5:colcon.colcon_core.verb:set package 'py_pubsub' build argument 'cmake_args' from command line to 'None'
[0.321s] Level 5:colcon.colcon_core.verb:set package 'py_pubsub' build argument 'cmake_target' from command line to 'None'
[0.321s] Level 5:colcon.colcon_core.verb:set package 'py_pubsub' build argument 'cmake_target_skip_unavailable' from command line to 'False'
[0.321s] Level 5:colcon.colcon_core.verb:set package 'py_pubsub' build argument 'cmake_clean_cache' from command line to 'False'
[0.321s] Level 5:colcon.colcon_core.verb:set package 'py_pubsub' build argument 'cmake_clean_first' from command line to 'False'
[0.322s] Level 5:colcon.colcon_core.verb:set package 'py_pubsub' build argument 'cmake_force_configure' from command line to 'False'
[0.322s] Level 5:colcon.colcon_core.verb:set package 'py_pubsub' build argument 'ament_cmake_args' from command line to 'None'
[0.322s] Level 5:colcon.colcon_core.verb:set package 'py_pubsub' build argument 'catkin_cmake_args' from command line to 'None'
[0.322s] Level 5:colcon.colcon_core.verb:set package 'py_pubsub' build argument 'catkin_skip_building_tests' from command line to 'False'
[0.322s] DEBUG:colcon.colcon_core.verb:Building package 'py_pubsub' with the following arguments: {'ament_cmake_args': None, 'build_base': '/home/emsi/rob2_ws/build/py_pubsub', 'catkin_cmake_args': None, 'catkin_skip_building_tests': False, 'cmake_args': None, 'cmake_clean_cache': False, 'cmake_clean_first': False, 'cmake_force_configure': False, 'cmake_target': None, 'cmake_target_skip_unavailable': False, 'install_base': '/home/emsi/rob2_ws/install/py_pubsub', 'merge_install': False, 'path': '/home/emsi/rob2_ws/src/py_pubsub', 'symlink_install': False, 'test_result_base': None}
[0.322s] Level 5:colcon.colcon_core.verb:set package 'tiago_pkg' build argument 'cmake_args' from command line to 'None'
[0.322s] Level 5:colcon.colcon_core.verb:set package 'tiago_pkg' build argument 'cmake_target' from command line to 'None'
[0.322s] Level 5:colcon.colcon_core.verb:set package 'tiago_pkg' build argument 'cmake_target_skip_unavailable' from command line to 'False'
[0.322s] Level 5:colcon.colcon_core.verb:set package 'tiago_pkg' build argument 'cmake_clean_cache' from command line to 'False'
[0.322s] Level 5:colcon.colcon_core.verb:set package 'tiago_pkg' build argument 'cmake_clean_first' from command line to 'False'
[0.322s] Level 5:colcon.colcon_core.verb:set package 'tiago_pkg' build argument 'cmake_force_configure' from command line to 'False'
[0.322s] Level 5:colcon.colcon_core.verb:set package 'tiago_pkg' build argument 'ament_cmake_args' from command line to 'None'
[0.322s] Level 5:colcon.colcon_core.verb:set package 'tiago_pkg' build argument 'catkin_cmake_args' from command line to 'None'
[0.322s] Level 5:colcon.colcon_core.verb:set package 'tiago_pkg' build argument 'catkin_skip_building_tests' from command line to 'False'
[0.322s] DEBUG:colcon.colcon_core.verb:Building package 'tiago_pkg' with the following arguments: {'ament_cmake_args': None, 'build_base': '/home/emsi/rob2_ws/build/tiago_pkg', 'catkin_cmake_args': None, 'catkin_skip_building_tests': False, 'cmake_args': None, 'cmake_clean_cache': False, 'cmake_clean_first': False, 'cmake_force_configure': False, 'cmake_target': None, 'cmake_target_skip_unavailable': False, 'install_base': '/home/emsi/rob2_ws/install/tiago_pkg', 'merge_install': False, 'path': '/home/emsi/rob2_ws/src/tiago_pkg', 'symlink_install': False, 'test_result_base': None}
[0.322s] INFO:colcon.colcon_core.executor:Executing jobs using 'parallel' executor
[0.323s] DEBUG:colcon.colcon_parallel_executor.executor.parallel:run_until_complete
[0.324s] INFO:colcon.colcon_ros.task.ament_cmake.build:Building ROS package in '/home/emsi/rob2_ws/src/my_pkg1' with build type 'ament_cmake'
[0.324s] INFO:colcon.colcon_cmake.task.cmake.build:Building CMake package in '/home/emsi/rob2_ws/src/my_pkg1'
[0.326s] INFO:colcon.colcon_core.plugin_system:Skipping extension 'colcon_core.shell.bat': Not used on non-Windows systems
[0.326s] INFO:colcon.colcon_core.shell:Skip shell extension 'powershell' for command environment: Not usable outside of PowerShell
[0.326s] DEBUG:colcon.colcon_core.shell:Skip shell extension 'dsv' for command environment
[0.329s] INFO:colcon.colcon_ros.task.ament_python.build:Building ROS package in '/home/emsi/rob2_ws/src/py_pubsub' with build type 'ament_python'
[0.329s] Level 1:colcon.colcon_core.shell:create_environment_hook('py_pubsub', 'ament_prefix_path')
[0.329s] INFO:colcon.colcon_core.shell:Creating environment hook '/home/emsi/rob2_ws/install/py_pubsub/share/py_pubsub/hook/ament_prefix_path.ps1'
[0.330s] INFO:colcon.colcon_core.shell:Creating environment descriptor '/home/emsi/rob2_ws/install/py_pubsub/share/py_pubsub/hook/ament_prefix_path.dsv'
[0.330s] INFO:colcon.colcon_core.shell:Creating environment hook '/home/emsi/rob2_ws/install/py_pubsub/share/py_pubsub/hook/ament_prefix_path.sh'
[0.331s] INFO:colcon.colcon_core.shell:Skip shell extension 'powershell' for command environment: Not usable outside of PowerShell
[0.331s] DEBUG:colcon.colcon_core.shell:Skip shell extension 'dsv' for command environment
[0.334s] INFO:colcon.colcon_ros.task.ament_python.build:Building ROS package in '/home/emsi/rob2_ws/src/tiago_pkg' with build type 'ament_python'
[0.334s] Level 1:colcon.colcon_core.shell:create_environment_hook('tiago_pkg', 'ament_prefix_path')
[0.334s] INFO:colcon.colcon_core.shell:Creating environment hook '/home/emsi/rob2_ws/install/tiago_pkg/share/tiago_pkg/hook/ament_prefix_path.ps1'
[0.334s] INFO:colcon.colcon_core.shell:Creating environment descriptor '/home/emsi/rob2_ws/install/tiago_pkg/share/tiago_pkg/hook/ament_prefix_path.dsv'
[0.335s] INFO:colcon.colcon_core.shell:Creating environment hook '/home/emsi/rob2_ws/install/tiago_pkg/share/tiago_pkg/hook/ament_prefix_path.sh'
[0.335s] INFO:colcon.colcon_core.shell:Skip shell extension 'powershell' for command environment: Not usable outside of PowerShell
[0.335s] DEBUG:colcon.colcon_core.shell:Skip shell extension 'dsv' for command environment
[0.342s] DEBUG:colcon.colcon_core.event_handler.log_command:Invoking command in '/home/emsi/rob2_ws/build/my_pkg1': CMAKE_PREFIX_PATH=${CMAKE_PREFIX_PATH}:/home/emsi/rob2_ws/install/tiago_pkg:/home/emsi/rob2_ws/install/py_pubsub:/home/emsi/rob2_ws/src/py_pubsub/install/py_pubsub:/opt/ros/humble /usr/bin/cmake --build /home/emsi/rob2_ws/build/my_pkg1 -- -j8 -l8
[0.592s] INFO:colcon.colcon_core.task.python.build:Building Python package in '/home/emsi/rob2_ws/src/py_pubsub'
[0.592s] INFO:colcon.colcon_core.shell:Skip shell extension 'powershell' for command environment: Not usable outside of PowerShell
[0.592s] DEBUG:colcon.colcon_core.shell:Skip shell extension 'dsv' for command environment
[0.599s] DEBUG:colcon.colcon_core.event_handler.log_command:Invoked command in '/home/emsi/rob2_ws/build/my_pkg1' returned '0': CMAKE_PREFIX_PATH=${CMAKE_PREFIX_PATH}:/home/emsi/rob2_ws/install/tiago_pkg:/home/emsi/rob2_ws/install/py_pubsub:/home/emsi/rob2_ws/src/py_pubsub/install/py_pubsub:/opt/ros/humble /usr/bin/cmake --build /home/emsi/rob2_ws/build/my_pkg1 -- -j8 -l8
[0.606s] DEBUG:colcon.colcon_core.event_handler.log_command:Invoking command in '/home/emsi/rob2_ws/build/my_pkg1': CMAKE_PREFIX_PATH=${CMAKE_PREFIX_PATH}:/home/emsi/rob2_ws/install/tiago_pkg:/home/emsi/rob2_ws/install/py_pubsub:/home/emsi/rob2_ws/src/py_pubsub/install/py_pubsub:/opt/ros/humble /usr/bin/cmake --install /home/emsi/rob2_ws/build/my_pkg1
[0.863s] INFO:colcon.colcon_core.task.python.build:Building Python package in '/home/emsi/rob2_ws/src/tiago_pkg'
[0.863s] INFO:colcon.colcon_core.shell:Skip shell extension 'powershell' for command environment: Not usable outside of PowerShell
[0.863s] DEBUG:colcon.colcon_core.shell:Skip shell extension 'dsv' for command environment
[0.873s] Level 1:colcon.colcon_core.environment:create_environment_scripts_only(my_pkg1)
[0.876s] DEBUG:colcon.colcon_core.event_handler.log_command:Invoked command in '/home/emsi/rob2_ws/build/my_pkg1' returned '0': CMAKE_PREFIX_PATH=${CMAKE_PREFIX_PATH}:/home/emsi/rob2_ws/install/tiago_pkg:/home/emsi/rob2_ws/install/py_pubsub:/home/emsi/rob2_ws/src/py_pubsub/install/py_pubsub:/opt/ros/humble /usr/bin/cmake --install /home/emsi/rob2_ws/build/my_pkg1
[0.877s] Level 1:colcon.colcon_core.environment:checking '/home/emsi/rob2_ws/install/my_pkg1' for CMake module files
[0.878s] Level 1:colcon.colcon_core.environment:checking '/home/emsi/rob2_ws/install/my_pkg1' for CMake config files
[0.878s] Level 1:colcon.colcon_core.shell:create_environment_hook('my_pkg1', 'cmake_prefix_path')
[0.878s] INFO:colcon.colcon_core.shell:Creating environment hook '/home/emsi/rob2_ws/install/my_pkg1/share/my_pkg1/hook/cmake_prefix_path.ps1'
[0.878s] INFO:colcon.colcon_core.shell:Creating environment descriptor '/home/emsi/rob2_ws/install/my_pkg1/share/my_pkg1/hook/cmake_prefix_path.dsv'
[0.879s] INFO:colcon.colcon_core.shell:Creating environment hook '/home/emsi/rob2_ws/install/my_pkg1/share/my_pkg1/hook/cmake_prefix_path.sh'
[0.879s] Level 1:colcon.colcon_core.environment:checking '/home/emsi/rob2_ws/install/my_pkg1/lib'
[0.880s] Level 1:colcon.colcon_core.environment:checking '/home/emsi/rob2_ws/install/my_pkg1/bin'
[0.880s] Level 1:colcon.colcon_core.environment:checking '/home/emsi/rob2_ws/install/my_pkg1/lib/pkgconfig/my_pkg1.pc'
[0.880s] Level 1:colcon.colcon_core.environment:checking '/home/emsi/rob2_ws/install/my_pkg1/lib/python3.10/site-packages'
[0.880s] Level 1:colcon.colcon_core.environment:checking '/home/emsi/rob2_ws/install/my_pkg1/bin'
[0.881s] INFO:colcon.colcon_core.shell:Creating package script '/home/emsi/rob2_ws/install/my_pkg1/share/my_pkg1/package.ps1'
[0.881s] INFO:colcon.colcon_core.shell:Creating package descriptor '/home/emsi/rob2_ws/install/my_pkg1/share/my_pkg1/package.dsv'
[0.882s] INFO:colcon.colcon_core.shell:Creating package script '/home/emsi/rob2_ws/install/my_pkg1/share/my_pkg1/package.sh'
[0.882s] INFO:colcon.colcon_core.shell:Creating package script '/home/emsi/rob2_ws/install/my_pkg1/share/my_pkg1/package.bash'
[0.883s] INFO:colcon.colcon_core.shell:Creating package script '/home/emsi/rob2_ws/install/my_pkg1/share/my_pkg1/package.zsh'
[0.883s] Level 1:colcon.colcon_core.environment:create_file_with_runtime_dependencies(/home/emsi/rob2_ws/install/my_pkg1/share/colcon-core/packages/my_pkg1)
[0.884s] Level 1:colcon.colcon_core.environment:create_environment_scripts_only(my_pkg1)
[0.884s] Level 1:colcon.colcon_core.environment:checking '/home/emsi/rob2_ws/install/my_pkg1' for CMake module files
[0.884s] Level 1:colcon.colcon_core.environment:checking '/home/emsi/rob2_ws/install/my_pkg1' for CMake config files
[0.885s] Level 1:colcon.colcon_core.shell:create_environment_hook('my_pkg1', 'cmake_prefix_path')
[0.885s] INFO:colcon.colcon_core.shell:Creating environment hook '/home/emsi/rob2_ws/install/my_pkg1/share/my_pkg1/hook/cmake_prefix_path.ps1'
[0.886s] INFO:colcon.colcon_core.shell:Creating environment descriptor '/home/emsi/rob2_ws/install/my_pkg1/share/my_pkg1/hook/cmake_prefix_path.dsv'
[0.886s] INFO:colcon.colcon_core.shell:Creating environment hook '/home/emsi/rob2_ws/install/my_pkg1/share/my_pkg1/hook/cmake_prefix_path.sh'
[0.887s] Level 1:colcon.colcon_core.environment:checking '/home/emsi/rob2_ws/install/my_pkg1/lib'
[0.887s] Level 1:colcon.colcon_core.environment:checking '/home/emsi/rob2_ws/install/my_pkg1/bin'
[0.887s] Level 1:colcon.colcon_core.environment:checking '/home/emsi/rob2_ws/install/my_pkg1/lib/pkgconfig/my_pkg1.pc'
[0.887s] Level 1:colcon.colcon_core.environment:checking '/home/emsi/rob2_ws/install/my_pkg1/lib/python3.10/site-packages'
[0.888s] Level 1:colcon.colcon_core.environment:checking '/home/emsi/rob2_ws/install/my_pkg1/bin'
[0.888s] INFO:colcon.colcon_core.shell:Creating package script '/home/emsi/rob2_ws/install/my_pkg1/share/my_pkg1/package.ps1'
[0.889s] INFO:colcon.colcon_core.shell:Creating package descriptor '/home/emsi/rob2_ws/install/my_pkg1/share/my_pkg1/package.dsv'
[0.889s] INFO:colcon.colcon_core.shell:Creating package script '/home/emsi/rob2_ws/install/my_pkg1/share/my_pkg1/package.sh'
[0.889s] INFO:colcon.colcon_core.shell:Creating package script '/home/emsi/rob2_ws/install/my_pkg1/share/my_pkg1/package.bash'
[0.889s] INFO:colcon.colcon_core.shell:Creating package script '/home/emsi/rob2_ws/install/my_pkg1/share/my_pkg1/package.zsh'
[0.890s] Level 1:colcon.colcon_core.environment:create_file_with_runtime_dependencies(/home/emsi/rob2_ws/install/my_pkg1/share/colcon-core/packages/my_pkg1)
[1.248s] DEBUG:colcon.colcon_core.event_handler.log_command:Invoking command in '/home/emsi/rob2_ws/src/py_pubsub': PYTHONPATH=/home/emsi/rob2_ws/build/py_pubsub/prefix_override:/usr/lib/python3/dist-packages/colcon_core/task/python/colcon_distutils_commands:/home/emsi/rob2_ws/install/py_pubsub/lib/python3.10/site-packages:${PYTHONPATH} /usr/bin/python3 -W ignore:setup.py install is deprecated -W ignore:easy_install command is deprecated setup.py egg_info --egg-base ../../build/py_pubsub build --build-base /home/emsi/rob2_ws/build/py_pubsub/build install --record /home/emsi/rob2_ws/build/py_pubsub/install.log --single-version-externally-managed install_data
[1.302s] DEBUG:colcon.colcon_core.event_handler.log_command:Invoking command in '/home/emsi/rob2_ws/src/tiago_pkg': PYTHONPATH=/home/emsi/rob2_ws/build/tiago_pkg/prefix_override:/usr/lib/python3/dist-packages/colcon_core/task/python/colcon_distutils_commands:/home/emsi/rob2_ws/install/tiago_pkg/lib/python3.10/site-packages:${PYTHONPATH} /usr/bin/python3 -W ignore:setup.py install is deprecated -W ignore:easy_install command is deprecated setup.py egg_info --egg-base ../../build/tiago_pkg build --build-base /home/emsi/rob2_ws/build/tiago_pkg/build install --record /home/emsi/rob2_ws/build/tiago_pkg/install.log --single-version-externally-managed install_data
[1.550s] Level 1:colcon.colcon_core.environment:checking '/home/emsi/rob2_ws/install/py_pubsub' for CMake module files
[1.550s] DEBUG:colcon.colcon_core.event_handler.log_command:Invoked command in '/home/emsi/rob2_ws/src/py_pubsub' returned '0': PYTHONPATH=/home/emsi/rob2_ws/build/py_pubsub/prefix_override:/usr/lib/python3/dist-packages/colcon_core/task/python/colcon_distutils_commands:/home/emsi/rob2_ws/install/py_pubsub/lib/python3.10/site-packages:${PYTHONPATH} /usr/bin/python3 -W ignore:setup.py install is deprecated -W ignore:easy_install command is deprecated setup.py egg_info --egg-base ../../build/py_pubsub build --build-base /home/emsi/rob2_ws/build/py_pubsub/build install --record /home/emsi/rob2_ws/build/py_pubsub/install.log --single-version-externally-managed install_data
[1.551s] Level 1:colcon.colcon_core.environment:checking '/home/emsi/rob2_ws/install/py_pubsub' for CMake config files
[1.551s] Level 1:colcon.colcon_core.environment:checking '/home/emsi/rob2_ws/install/py_pubsub/lib'
[1.551s] Level 1:colcon.colcon_core.environment:checking '/home/emsi/rob2_ws/install/py_pubsub/bin'
[1.551s] Level 1:colcon.colcon_core.environment:checking '/home/emsi/rob2_ws/install/py_pubsub/lib/pkgconfig/py_pubsub.pc'
[1.552s] Level 1:colcon.colcon_core.environment:checking '/home/emsi/rob2_ws/install/py_pubsub/lib/python3.10/site-packages'
[1.552s] Level 1:colcon.colcon_core.shell:create_environment_hook('py_pubsub', 'pythonpath')
[1.552s] INFO:colcon.colcon_core.shell:Creating environment hook '/home/emsi/rob2_ws/install/py_pubsub/share/py_pubsub/hook/pythonpath.ps1'
[1.552s] INFO:colcon.colcon_core.shell:Creating environment descriptor '/home/emsi/rob2_ws/install/py_pubsub/share/py_pubsub/hook/pythonpath.dsv'
[1.553s] INFO:colcon.colcon_core.shell:Creating environment hook '/home/emsi/rob2_ws/install/py_pubsub/share/py_pubsub/hook/pythonpath.sh'
[1.554s] Level 1:colcon.colcon_core.environment:checking '/home/emsi/rob2_ws/install/py_pubsub/bin'
[1.554s] Level 1:colcon.colcon_core.environment:create_environment_scripts_only(py_pubsub)
[1.555s] INFO:colcon.colcon_core.shell:Creating package script '/home/emsi/rob2_ws/install/py_pubsub/share/py_pubsub/package.ps1'
[1.556s] INFO:colcon.colcon_core.shell:Creating package descriptor '/home/emsi/rob2_ws/install/py_pubsub/share/py_pubsub/package.dsv'
[1.557s] INFO:colcon.colcon_core.shell:Creating package script '/home/emsi/rob2_ws/install/py_pubsub/share/py_pubsub/package.sh'
[1.557s] INFO:colcon.colcon_core.shell:Creating package script '/home/emsi/rob2_ws/install/py_pubsub/share/py_pubsub/package.bash'
[1.558s] INFO:colcon.colcon_core.shell:Creating package script '/home/emsi/rob2_ws/install/py_pubsub/share/py_pubsub/package.zsh'
[1.558s] Level 1:colcon.colcon_core.environment:create_file_with_runtime_dependencies(/home/emsi/rob2_ws/install/py_pubsub/share/colcon-core/packages/py_pubsub)
[1.597s] Level 1:colcon.colcon_core.environment:checking '/home/emsi/rob2_ws/install/tiago_pkg' for CMake module files
[1.598s] DEBUG:colcon.colcon_core.event_handler.log_command:Invoked command in '/home/emsi/rob2_ws/src/tiago_pkg' returned '0': PYTHONPATH=/home/emsi/rob2_ws/build/tiago_pkg/prefix_override:/usr/lib/python3/dist-packages/colcon_core/task/python/colcon_distutils_commands:/home/emsi/rob2_ws/install/tiago_pkg/lib/python3.10/site-packages:${PYTHONPATH} /usr/bin/python3 -W ignore:setup.py install is deprecated -W ignore:easy_install command is deprecated setup.py egg_info --egg-base ../../build/tiago_pkg build --build-base /home/emsi/rob2_ws/build/tiago_pkg/build install --record /home/emsi/rob2_ws/build/tiago_pkg/install.log --single-version-externally-managed install_data
[1.598s] Level 1:colcon.colcon_core.environment:checking '/home/emsi/rob2_ws/install/tiago_pkg' for CMake config files
[1.599s] Level 1:colcon.colcon_core.environment:checking '/home/emsi/rob2_ws/install/tiago_pkg/lib'
[1.599s] Level 1:colcon.colcon_core.environment:checking '/home/emsi/rob2_ws/install/tiago_pkg/bin'
[1.599s] Level 1:colcon.colcon_core.environment:checking '/home/emsi/rob2_ws/install/tiago_pkg/lib/pkgconfig/tiago_pkg.pc'
[1.599s] Level 1:colcon.colcon_core.environment:checking '/home/emsi/rob2_ws/install/tiago_pkg/lib/python3.10/site-packages'
[1.599s] Level 1:colcon.colcon_core.shell:create_environment_hook('tiago_pkg', 'pythonpath')
[1.600s] INFO:colcon.colcon_core.shell:Creating environment hook '/home/emsi/rob2_ws/install/tiago_pkg/share/tiago_pkg/hook/pythonpath.ps1'
[1.600s] INFO:colcon.colcon_core.shell:Creating environment descriptor '/home/emsi/rob2_ws/install/tiago_pkg/share/tiago_pkg/hook/pythonpath.dsv'
[1.600s] INFO:colcon.colcon_core.shell:Creating environment hook '/home/emsi/rob2_ws/install/tiago_pkg/share/tiago_pkg/hook/pythonpath.sh'
[1.601s] Level 1:colcon.colcon_core.environment:checking '/home/emsi/rob2_ws/install/tiago_pkg/bin'
[1.601s] Level 1:colcon.colcon_core.environment:create_environment_scripts_only(tiago_pkg)
[1.602s] INFO:colcon.colcon_core.shell:Creating package script '/home/emsi/rob2_ws/install/tiago_pkg/share/tiago_pkg/package.ps1'
[1.602s] INFO:colcon.colcon_core.shell:Creating package descriptor '/home/emsi/rob2_ws/install/tiago_pkg/share/tiago_pkg/package.dsv'
[1.602s] INFO:colcon.colcon_core.shell:Creating package script '/home/emsi/rob2_ws/install/tiago_pkg/share/tiago_pkg/package.sh'
[1.603s] INFO:colcon.colcon_core.shell:Creating package script '/home/emsi/rob2_ws/install/tiago_pkg/share/tiago_pkg/package.bash'
[1.603s] INFO:colcon.colcon_core.shell:Creating package script '/home/emsi/rob2_ws/install/tiago_pkg/share/tiago_pkg/package.zsh'
[1.603s] Level 1:colcon.colcon_core.environment:create_file_with_runtime_dependencies(/home/emsi/rob2_ws/install/tiago_pkg/share/colcon-core/packages/tiago_pkg)
[1.603s] DEBUG:colcon.colcon_parallel_executor.executor.parallel:closing loop
[1.604s] DEBUG:colcon.colcon_parallel_executor.executor.parallel:loop closed
[1.604s] DEBUG:colcon.colcon_parallel_executor.executor.parallel:run_until_complete finished with '0'
[1.604s] DEBUG:colcon.colcon_core.event_reactor:joining thread
[1.609s] INFO:colcon.colcon_core.plugin_system:Skipping extension 'colcon_notification.desktop_notification.terminal_notifier': Not used on non-Darwin systems
[1.610s] INFO:colcon.colcon_core.plugin_system:Skipping extension 'colcon_notification.desktop_notification.win32': Not used on non-Windows systems
[1.610s] INFO:colcon.colcon_notification.desktop_notification:Sending desktop notification using 'notify2'
[1.616s] DEBUG:colcon.colcon_core.event_reactor:joined thread
[1.616s] INFO:colcon.colcon_core.shell:Creating prefix script '/home/emsi/rob2_ws/install/local_setup.ps1'
[1.618s] INFO:colcon.colcon_core.shell:Creating prefix util module '/home/emsi/rob2_ws/install/_local_setup_util_ps1.py'
[1.620s] INFO:colcon.colcon_core.shell:Creating prefix chain script '/home/emsi/rob2_ws/install/setup.ps1'
[1.621s] INFO:colcon.colcon_core.shell:Creating prefix script '/home/emsi/rob2_ws/install/local_setup.sh'
[1.622s] INFO:colcon.colcon_core.shell:Creating prefix util module '/home/emsi/rob2_ws/install/_local_setup_util_sh.py'
[1.622s] INFO:colcon.colcon_core.shell:Creating prefix chain script '/home/emsi/rob2_ws/install/setup.sh'
[1.623s] INFO:colcon.colcon_core.shell:Creating prefix script '/home/emsi/rob2_ws/install/local_setup.bash'
[1.624s] INFO:colcon.colcon_core.shell:Creating prefix chain script '/home/emsi/rob2_ws/install/setup.bash'
[1.625s] INFO:colcon.colcon_core.shell:Creating prefix script '/home/emsi/rob2_ws/install/local_setup.zsh'
[1.625s] INFO:colcon.colcon_core.shell:Creating prefix chain script '/home/emsi/rob2_ws/install/setup.zsh'
