[0.108s] DEBUG:colcon:Command line arguments: ['/usr/bin/colcon', 'build']
[0.108s] DEBUG:colcon:Parsed command line arguments: Namespace(log_base=None, log_level=None, verb_name='build', build_base='build', install_base='install', merge_install=False, symlink_install=False, test_result_base=None, continue_on_error=False, executor='parallel', parallel_workers=8, event_handlers=None, ignore_user_meta=False, metas=['./colcon.meta'], base_paths=['.'], packages_ignore=None, packages_ignore_regex=None, paths=None, packages_up_to=None, packages_up_to_regex=None, packages_above=None, packages_above_and_dependencies=None, packages_above_depth=None, packages_select_by_dep=None, packages_skip_by_dep=None, packages_skip_up_to=None, packages_select_build_failed=False, packages_skip_build_finished=False, packages_select_test_failures=False, packages_skip_test_passed=False, packages_select=None, packages_skip=None, packages_select_regex=None, packages_skip_regex=None, packages_start=None, packages_end=None, allow_overriding=[], cmake_args=None, cmake_target=None, cmake_target_skip_unavailable=False, cmake_clean_cache=False, cmake_clean_first=False, cmake_force_configure=False, ament_cmake_args=None, catkin_cmake_args=None, catkin_skip_building_tests=False, mixin_files=None, mixin=None, verb_parser=<colcon_mixin.mixin.mixin_argument.MixinArgumentDecorator object at 0x7454dbd9c6d0>, verb_extension=<colcon_core.verb.build.BuildVerb object at 0x7454dbea1780>, main=<bound method BuildVerb.main of <colcon_core.verb.build.BuildVerb object at 0x7454dbea1780>>, mixin_verb=('build',))
[0.254s] Level 1:colcon.colcon_core.package_discovery:discover_packages(colcon_meta) check parameters
[0.254s] Level 1:colcon.colcon_core.package_discovery:discover_packages(recursive) check parameters
[0.254s] Level 1:colcon.colcon_core.package_discovery:discover_packages(ignore) check parameters
[0.254s] Level 1:colcon.colcon_core.package_discovery:discover_packages(path) check parameters
[0.254s] Level 1:colcon.colcon_core.package_discovery:discover_packages(colcon_meta) discover
[0.254s] Level 1:colcon.colcon_core.package_discovery:discover_packages(recursive) discover
[0.254s] INFO:colcon.colcon_core.package_discovery:Crawling recursively for packages in '/home/emsi/rob2_ws'
[0.254s] Level 1:colcon.colcon_core.package_identification:_identify(.) by extensions ['ignore', 'ignore_ament_install']
[0.254s] Level 1:colcon.colcon_core.package_identification:_identify(.) by extension 'ignore'
[0.255s] Level 1:colcon.colcon_core.package_identification:_identify(.) by extension 'ignore_ament_install'
[0.255s] Level 1:colcon.colcon_core.package_identification:_identify(.) by extensions ['colcon_pkg']
[0.255s] Level 1:colcon.colcon_core.package_identification:_identify(.) by extension 'colcon_pkg'
[0.255s] Level 1:colcon.colcon_core.package_identification:_identify(.) by extensions ['colcon_meta']
[0.255s] Level 1:colcon.colcon_core.package_identification:_identify(.) by extension 'colcon_meta'
[0.255s] Level 1:colcon.colcon_core.package_identification:_identify(.) by extensions ['ros']
[0.255s] Level 1:colcon.colcon_core.package_identification:_identify(.) by extension 'ros'
[0.265s] Level 1:colcon.colcon_core.package_identification:_identify(.) by extensions ['cmake', 'python']
[0.266s] Level 1:colcon.colcon_core.package_identification:_identify(.) by extension 'cmake'
[0.266s] Level 1:colcon.colcon_core.package_identification:_identify(.) by extension 'python'
[0.266s] Level 1:colcon.colcon_core.package_identification:_identify(.) by extensions ['python_setup_py']
[0.266s] Level 1:colcon.colcon_core.package_identification:_identify(.) by extension 'python_setup_py'
[0.266s] Level 1:colcon.colcon_core.package_identification:_identify(build) by extensions ['ignore', 'ignore_ament_install']
[0.266s] Level 1:colcon.colcon_core.package_identification:_identify(build) by extension 'ignore'
[0.266s] Level 1:colcon.colcon_core.package_identification:_identify(build) ignored
[0.266s] Level 1:colcon.colcon_core.package_identification:_identify(install) by extensions ['ignore', 'ignore_ament_install']
[0.266s] Level 1:colcon.colcon_core.package_identification:_identify(install) by extension 'ignore'
[0.266s] Level 1:colcon.colcon_core.package_identification:_identify(install) ignored
[0.266s] Level 1:colcon.colcon_core.package_identification:_identify(log) by extensions ['ignore', 'ignore_ament_install']
[0.267s] Level 1:colcon.colcon_core.package_identification:_identify(log) by extension 'ignore'
[0.267s] Level 1:colcon.colcon_core.package_identification:_identify(log) ignored
[0.267s] Level 1:colcon.colcon_core.package_identification:_identify(src) by extensions ['ignore', 'ignore_ament_install']
[0.267s] Level 1:colcon.colcon_core.package_identification:_identify(src) by extension 'ignore'
[0.267s] Level 1:colcon.colcon_core.package_identification:_identify(src) by extension 'ignore_ament_install'
[0.267s] Level 1:colcon.colcon_core.package_identification:_identify(src) by extensions ['colcon_pkg']
[0.267s] Level 1:colcon.colcon_core.package_identification:_identify(src) by extension 'colcon_pkg'
[0.267s] Level 1:colcon.colcon_core.package_identification:_identify(src) by extensions ['colcon_meta']
[0.267s] Level 1:colcon.colcon_core.package_identification:_identify(src) by extension 'colcon_meta'
[0.267s] Level 1:colcon.colcon_core.package_identification:_identify(src) by extensions ['ros']
[0.267s] Level 1:colcon.colcon_core.package_identification:_identify(src) by extension 'ros'
[0.267s] Level 1:colcon.colcon_core.package_identification:_identify(src) by extensions ['cmake', 'python']
[0.267s] Level 1:colcon.colcon_core.package_identification:_identify(src) by extension 'cmake'
[0.267s] Level 1:colcon.colcon_core.package_identification:_identify(src) by extension 'python'
[0.267s] Level 1:colcon.colcon_core.package_identification:_identify(src) by extensions ['python_setup_py']
[0.267s] Level 1:colcon.colcon_core.package_identification:_identify(src) by extension 'python_setup_py'
[0.267s] Level 1:colcon.colcon_core.package_identification:_identify(src/build) by extensions ['ignore', 'ignore_ament_install']
[0.267s] Level 1:colcon.colcon_core.package_identification:_identify(src/build) by extension 'ignore'
[0.268s] Level 1:colcon.colcon_core.package_identification:_identify(src/build) ignored
[0.268s] Level 1:colcon.colcon_core.package_identification:_identify(src/install) by extensions ['ignore', 'ignore_ament_install']
[0.268s] Level 1:colcon.colcon_core.package_identification:_identify(src/install) by extension 'ignore'
[0.268s] Level 1:colcon.colcon_core.package_identification:_identify(src/install) ignored
[0.268s] Level 1:colcon.colcon_core.package_identification:_identify(src/log) by extensions ['ignore', 'ignore_ament_install']
[0.268s] Level 1:colcon.colcon_core.package_identification:_identify(src/log) by extension 'ignore'
[0.268s] Level 1:colcon.colcon_core.package_identification:_identify(src/log) ignored
[0.268s] Level 1:colcon.colcon_core.package_identification:_identify(src/my_pkg1) by extensions ['ignore', 'ignore_ament_install']
[0.268s] Level 1:colcon.colcon_core.package_identification:_identify(src/my_pkg1) by extension 'ignore'
[0.268s] Level 1:colcon.colcon_core.package_identification:_identify(src/my_pkg1) by extension 'ignore_ament_install'
[0.268s] Level 1:colcon.colcon_core.package_identification:_identify(src/my_pkg1) by extensions ['colcon_pkg']
[0.268s] Level 1:colcon.colcon_core.package_identification:_identify(src/my_pkg1) by extension 'colcon_pkg'
[0.268s] Level 1:colcon.colcon_core.package_identification:_identify(src/my_pkg1) by extensions ['colcon_meta']
[0.268s] Level 1:colcon.colcon_core.package_identification:_identify(src/my_pkg1) by extension 'colcon_meta'
[0.268s] Level 1:colcon.colcon_core.package_identification:_identify(src/my_pkg1) by extensions ['ros']
[0.268s] Level 1:colcon.colcon_core.package_identification:_identify(src/my_pkg1) by extension 'ros'
[0.273s] DEBUG:colcon.colcon_core.package_identification:Package 'src/my_pkg1' with type 'ros.ament_cmake' and name 'my_pkg1'
[0.273s] Level 1:colcon.colcon_core.package_identification:_identify(src/py_pubsub) by extensions ['ignore', 'ignore_ament_install']
[0.273s] Level 1:colcon.colcon_core.package_identification:_identify(src/py_pubsub) by extension 'ignore'
[0.273s] Level 1:colcon.colcon_core.package_identification:_identify(src/py_pubsub) by extension 'ignore_ament_install'
[0.273s] Level 1:colcon.colcon_core.package_identification:_identify(src/py_pubsub) by extensions ['colcon_pkg']
[0.273s] Level 1:colcon.colcon_core.package_identification:_identify(src/py_pubsub) by extension 'colcon_pkg'
[0.273s] Level 1:colcon.colcon_core.package_identification:_identify(src/py_pubsub) by extensions ['colcon_meta']
[0.273s] Level 1:colcon.colcon_core.package_identification:_identify(src/py_pubsub) by extension 'colcon_meta'
[0.274s] Level 1:colcon.colcon_core.package_identification:_identify(src/py_pubsub) by extensions ['ros']
[0.274s] Level 1:colcon.colcon_core.package_identification:_identify(src/py_pubsub) by extension 'ros'
[0.275s] DEBUG:colcon.colcon_core.package_identification:Package 'src/py_pubsub' with type 'ros.ament_python' and name 'py_pubsub'
[0.275s] Level 1:colcon.colcon_core.package_identification:_identify(src/tiago_pkg) by extensions ['ignore', 'ignore_ament_install']
[0.275s] Level 1:colcon.colcon_core.package_identification:_identify(src/tiago_pkg) by extension 'ignore'
[0.275s] Level 1:colcon.colcon_core.package_identification:_identify(src/tiago_pkg) by extension 'ignore_ament_install'
[0.275s] Level 1:colcon.colcon_core.package_identification:_identify(src/tiago_pkg) by extensions ['colcon_pkg']
[0.275s] Level 1:colcon.colcon_core.package_identification:_identify(src/tiago_pkg) by extension 'colcon_pkg'
[0.275s] Level 1:colcon.colcon_core.package_identification:_identify(src/tiago_pkg) by extensions ['colcon_meta']
[0.275s] Level 1:colcon.colcon_core.package_identification:_identify(src/tiago_pkg) by extension 'colcon_meta'
[0.275s] Level 1:colcon.colcon_core.package_identification:_identify(src/tiago_pkg) by extensions ['ros']
[0.275s] Level 1:colcon.colcon_core.package_identification:_identify(src/tiago_pkg) by extension 'ros'
[0.276s] DEBUG:colcon.colcon_core.package_identification:Package 'src/tiago_pkg' with type 'ros.ament_python' and name 'tiago_pkg'
[0.276s] Level 1:colcon.colcon_core.package_discovery:discover_packages(recursive) using defaults
[0.276s] Level 1:colcon.colcon_core.package_discovery:discover_packages(ignore) discover
[0.276s] Level 1:colcon.colcon_core.package_discovery:discover_packages(ignore) using defaults
[0.276s] Level 1:colcon.colcon_core.package_discovery:discover_packages(path) discover
[0.276s] Level 1:colcon.colcon_core.package_discovery:discover_packages(path) using defaults
[0.307s] Level 1:colcon.colcon_core.package_discovery:discover_packages(prefix_path) check parameters
[0.308s] Level 1:colcon.colcon_core.package_discovery:discover_packages(prefix_path) discover
[0.310s] DEBUG:colcon.colcon_installed_package_information.package_discovery:Found 3 installed packages in /home/emsi/rob2_ws/install
[0.310s] DEBUG:colcon.colcon_installed_package_information.package_discovery:Found 1 installed packages in /home/emsi/rob2_ws/src/py_pubsub/install
[0.312s] DEBUG:colcon.colcon_installed_package_information.package_discovery:Found 392 installed packages in /opt/ros/humble
[0.314s] Level 1:colcon.colcon_core.package_discovery:discover_packages(prefix_path) using defaults
[0.349s] Level 5:colcon.colcon_core.verb:set package 'my_pkg1' build argument 'cmake_args' from command line to 'None'
[0.349s] Level 5:colcon.colcon_core.verb:set package 'my_pkg1' build argument 'cmake_target' from command line to 'None'
[0.349s] Level 5:colcon.colcon_core.verb:set package 'my_pkg1' build argument 'cmake_target_skip_unavailable' from command line to 'False'
[0.349s] Level 5:colcon.colcon_core.verb:set package 'my_pkg1' build argument 'cmake_clean_cache' from command line to 'False'
[0.349s] Level 5:colcon.colcon_core.verb:set package 'my_pkg1' build argument 'cmake_clean_first' from command line to 'False'
[0.349s] Level 5:colcon.colcon_core.verb:set package 'my_pkg1' build argument 'cmake_force_configure' from command line to 'False'
[0.349s] Level 5:colcon.colcon_core.verb:set package 'my_pkg1' build argument 'ament_cmake_args' from command line to 'None'
[0.350s] Level 5:colcon.colcon_core.verb:set package 'my_pkg1' build argument 'catkin_cmake_args' from command line to 'None'
[0.350s] Level 5:colcon.colcon_core.verb:set package 'my_pkg1' build argument 'catkin_skip_building_tests' from command line to 'False'
[0.350s] DEBUG:colcon.colcon_core.verb:Building package 'my_pkg1' with the following arguments: {'ament_cmake_args': None, 'build_base': '/home/emsi/rob2_ws/build/my_pkg1', 'catkin_cmake_args': None, 'catkin_skip_building_tests': False, 'cmake_args': None, 'cmake_clean_cache': False, 'cmake_clean_first': False, 'cmake_force_configure': False, 'cmake_target': None, 'cmake_target_skip_unavailable': False, 'install_base': '/home/emsi/rob2_ws/install/my_pkg1', 'merge_install': False, 'path': '/home/emsi/rob2_ws/src/my_pkg1', 'symlink_install': False, 'test_result_base': None}
[0.350s] Level 5:colcon.colcon_core.verb:set package 'py_pubsub' build argument 'cmake_args' from command line to 'None'
[0.350s] Level 5:colcon.colcon_core.verb:set package 'py_pubsub' build argument 'cmake_target' from command line to 'None'
[0.350s] Level 5:colcon.colcon_core.verb:set package 'py_pubsub' build argument 'cmake_target_skip_unavailable' from command line to 'False'
[0.350s] Level 5:colcon.colcon_core.verb:set package 'py_pubsub' build argument 'cmake_clean_cache' from command line to 'False'
[0.350s] Level 5:colcon.colcon_core.verb:set package 'py_pubsub' build argument 'cmake_clean_first' from command line to 'False'
[0.350s] Level 5:colcon.colcon_core.verb:set package 'py_pubsub' build argument 'cmake_force_configure' from command line to 'False'
[0.350s] Level 5:colcon.colcon_core.verb:set package 'py_pubsub' build argument 'ament_cmake_args' from command line to 'None'
[0.350s] Level 5:colcon.colcon_core.verb:set package 'py_pubsub' build argument 'catkin_cmake_args' from command line to 'None'
[0.350s] Level 5:colcon.colcon_core.verb:set package 'py_pubsub' build argument 'catkin_skip_building_tests' from command line to 'False'
[0.350s] DEBUG:colcon.colcon_core.verb:Building package 'py_pubsub' with the following arguments: {'ament_cmake_args': None, 'build_base': '/home/emsi/rob2_ws/build/py_pubsub', 'catkin_cmake_args': None, 'catkin_skip_building_tests': False, 'cmake_args': None, 'cmake_clean_cache': False, 'cmake_clean_first': False, 'cmake_force_configure': False, 'cmake_target': None, 'cmake_target_skip_unavailable': False, 'install_base': '/home/emsi/rob2_ws/install/py_pubsub', 'merge_install': False, 'path': '/home/emsi/rob2_ws/src/py_pubsub', 'symlink_install': False, 'test_result_base': None}
[0.350s] Level 5:colcon.colcon_core.verb:set package 'tiago_pkg' build argument 'cmake_args' from command line to 'None'
[0.350s] Level 5:colcon.colcon_core.verb:set package 'tiago_pkg' build argument 'cmake_target' from command line to 'None'
[0.350s] Level 5:colcon.colcon_core.verb:set package 'tiago_pkg' build argument 'cmake_target_skip_unavailable' from command line to 'False'
[0.350s] Level 5:colcon.colcon_core.verb:set package 'tiago_pkg' build argument 'cmake_clean_cache' from command line to 'False'
[0.351s] Level 5:colcon.colcon_core.verb:set package 'tiago_pkg' build argument 'cmake_clean_first' from command line to 'False'
[0.351s] Level 5:colcon.colcon_core.verb:set package 'tiago_pkg' build argument 'cmake_force_configure' from command line to 'False'
[0.351s] Level 5:colcon.colcon_core.verb:set package 'tiago_pkg' build argument 'ament_cmake_args' from command line to 'None'
[0.351s] Level 5:colcon.colcon_core.verb:set package 'tiago_pkg' build argument 'catkin_cmake_args' from command line to 'None'
[0.351s] Level 5:colcon.colcon_core.verb:set package 'tiago_pkg' build argument 'catkin_skip_building_tests' from command line to 'False'
[0.351s] DEBUG:colcon.colcon_core.verb:Building package 'tiago_pkg' with the following arguments: {'ament_cmake_args': None, 'build_base': '/home/emsi/rob2_ws/build/tiago_pkg', 'catkin_cmake_args': None, 'catkin_skip_building_tests': False, 'cmake_args': None, 'cmake_clean_cache': False, 'cmake_clean_first': False, 'cmake_force_configure': False, 'cmake_target': None, 'cmake_target_skip_unavailable': False, 'install_base': '/home/emsi/rob2_ws/install/tiago_pkg', 'merge_install': False, 'path': '/home/emsi/rob2_ws/src/tiago_pkg', 'symlink_install': False, 'test_result_base': None}
[0.351s] INFO:colcon.colcon_core.executor:Executing jobs using 'parallel' executor
[0.352s] DEBUG:colcon.colcon_parallel_executor.executor.parallel:run_until_complete
[0.352s] INFO:colcon.colcon_ros.task.ament_cmake.build:Building ROS package in '/home/emsi/rob2_ws/src/my_pkg1' with build type 'ament_cmake'
[0.352s] INFO:colcon.colcon_cmake.task.cmake.build:Building CMake package in '/home/emsi/rob2_ws/src/my_pkg1'
[0.354s] INFO:colcon.colcon_core.plugin_system:Skipping extension 'colcon_core.shell.bat': Not used on non-Windows systems
[0.354s] INFO:colcon.colcon_core.shell:Skip shell extension 'powershell' for command environment: Not usable outside of PowerShell
[0.354s] DEBUG:colcon.colcon_core.shell:Skip shell extension 'dsv' for command environment
[0.358s] INFO:colcon.colcon_ros.task.ament_python.build:Building ROS package in '/home/emsi/rob2_ws/src/py_pubsub' with build type 'ament_python'
[0.358s] Level 1:colcon.colcon_core.shell:create_environment_hook('py_pubsub', 'ament_prefix_path')
[0.358s] INFO:colcon.colcon_core.shell:Creating environment hook '/home/emsi/rob2_ws/install/py_pubsub/share/py_pubsub/hook/ament_prefix_path.ps1'
[0.359s] INFO:colcon.colcon_core.shell:Creating environment descriptor '/home/emsi/rob2_ws/install/py_pubsub/share/py_pubsub/hook/ament_prefix_path.dsv'
[0.359s] INFO:colcon.colcon_core.shell:Creating environment hook '/home/emsi/rob2_ws/install/py_pubsub/share/py_pubsub/hook/ament_prefix_path.sh'
[0.359s] INFO:colcon.colcon_core.shell:Skip shell extension 'powershell' for command environment: Not usable outside of PowerShell
[0.359s] DEBUG:colcon.colcon_core.shell:Skip shell extension 'dsv' for command environment
[0.362s] INFO:colcon.colcon_ros.task.ament_python.build:Building ROS package in '/home/emsi/rob2_ws/src/tiago_pkg' with build type 'ament_python'
[0.362s] Level 1:colcon.colcon_core.shell:create_environment_hook('tiago_pkg', 'ament_prefix_path')
[0.362s] INFO:colcon.colcon_core.shell:Creating environment hook '/home/emsi/rob2_ws/install/tiago_pkg/share/tiago_pkg/hook/ament_prefix_path.ps1'
[0.363s] INFO:colcon.colcon_core.shell:Creating environment descriptor '/home/emsi/rob2_ws/install/tiago_pkg/share/tiago_pkg/hook/ament_prefix_path.dsv'
[0.363s] INFO:colcon.colcon_core.shell:Creating environment hook '/home/emsi/rob2_ws/install/tiago_pkg/share/tiago_pkg/hook/ament_prefix_path.sh'
[0.363s] INFO:colcon.colcon_core.shell:Skip shell extension 'powershell' for command environment: Not usable outside of PowerShell
[0.363s] DEBUG:colcon.colcon_core.shell:Skip shell extension 'dsv' for command environment
[0.373s] DEBUG:colcon.colcon_core.event_handler.log_command:Invoking command in '/home/emsi/rob2_ws/build/my_pkg1': CMAKE_PREFIX_PATH=${CMAKE_PREFIX_PATH}:/home/emsi/rob2_ws/install/tiago_pkg:/home/emsi/rob2_ws/install/py_pubsub:/home/emsi/rob2_ws/src/py_pubsub/install/py_pubsub:/opt/ros/humble /usr/bin/cmake --build /home/emsi/rob2_ws/build/my_pkg1 -- -j8 -l8
[0.651s] INFO:colcon.colcon_core.task.python.build:Building Python package in '/home/emsi/rob2_ws/src/py_pubsub'
[0.651s] INFO:colcon.colcon_core.shell:Skip shell extension 'powershell' for command environment: Not usable outside of PowerShell
[0.651s] DEBUG:colcon.colcon_core.shell:Skip shell extension 'dsv' for command environment
[0.659s] DEBUG:colcon.colcon_core.event_handler.log_command:Invoked command in '/home/emsi/rob2_ws/build/my_pkg1' returned '0': CMAKE_PREFIX_PATH=${CMAKE_PREFIX_PATH}:/home/emsi/rob2_ws/install/tiago_pkg:/home/emsi/rob2_ws/install/py_pubsub:/home/emsi/rob2_ws/src/py_pubsub/install/py_pubsub:/opt/ros/humble /usr/bin/cmake --build /home/emsi/rob2_ws/build/my_pkg1 -- -j8 -l8
[0.668s] DEBUG:colcon.colcon_core.event_handler.log_command:Invoking command in '/home/emsi/rob2_ws/build/my_pkg1': CMAKE_PREFIX_PATH=${CMAKE_PREFIX_PATH}:/home/emsi/rob2_ws/install/tiago_pkg:/home/emsi/rob2_ws/install/py_pubsub:/home/emsi/rob2_ws/src/py_pubsub/install/py_pubsub:/opt/ros/humble /usr/bin/cmake --install /home/emsi/rob2_ws/build/my_pkg1
[0.959s] INFO:colcon.colcon_core.task.python.build:Building Python package in '/home/emsi/rob2_ws/src/tiago_pkg'
[0.959s] INFO:colcon.colcon_core.shell:Skip shell extension 'powershell' for command environment: Not usable outside of PowerShell
[0.959s] DEBUG:colcon.colcon_core.shell:Skip shell extension 'dsv' for command environment
[0.967s] Level 1:colcon.colcon_core.environment:create_environment_scripts_only(my_pkg1)
[0.967s] DEBUG:colcon.colcon_core.event_handler.log_command:Invoked command in '/home/emsi/rob2_ws/build/my_pkg1' returned '0': CMAKE_PREFIX_PATH=${CMAKE_PREFIX_PATH}:/home/emsi/rob2_ws/install/tiago_pkg:/home/emsi/rob2_ws/install/py_pubsub:/home/emsi/rob2_ws/src/py_pubsub/install/py_pubsub:/opt/ros/humble /usr/bin/cmake --install /home/emsi/rob2_ws/build/my_pkg1
[0.970s] Level 1:colcon.colcon_core.environment:checking '/home/emsi/rob2_ws/install/my_pkg1' for CMake module files
[0.971s] Level 1:colcon.colcon_core.environment:checking '/home/emsi/rob2_ws/install/my_pkg1' for CMake config files
[0.971s] Level 1:colcon.colcon_core.shell:create_environment_hook('my_pkg1', 'cmake_prefix_path')
[0.971s] INFO:colcon.colcon_core.shell:Creating environment hook '/home/emsi/rob2_ws/install/my_pkg1/share/my_pkg1/hook/cmake_prefix_path.ps1'
[0.972s] INFO:colcon.colcon_core.shell:Creating environment descriptor '/home/emsi/rob2_ws/install/my_pkg1/share/my_pkg1/hook/cmake_prefix_path.dsv'
[0.972s] INFO:colcon.colcon_core.shell:Creating environment hook '/home/emsi/rob2_ws/install/my_pkg1/share/my_pkg1/hook/cmake_prefix_path.sh'
[0.973s] Level 1:colcon.colcon_core.environment:checking '/home/emsi/rob2_ws/install/my_pkg1/lib'
[0.973s] Level 1:colcon.colcon_core.environment:checking '/home/emsi/rob2_ws/install/my_pkg1/bin'
[0.973s] Level 1:colcon.colcon_core.environment:checking '/home/emsi/rob2_ws/install/my_pkg1/lib/pkgconfig/my_pkg1.pc'
[0.974s] Level 1:colcon.colcon_core.environment:checking '/home/emsi/rob2_ws/install/my_pkg1/lib/python3.10/site-packages'
[0.974s] Level 1:colcon.colcon_core.environment:checking '/home/emsi/rob2_ws/install/my_pkg1/bin'
[0.974s] INFO:colcon.colcon_core.shell:Creating package script '/home/emsi/rob2_ws/install/my_pkg1/share/my_pkg1/package.ps1'
[0.975s] INFO:colcon.colcon_core.shell:Creating package descriptor '/home/emsi/rob2_ws/install/my_pkg1/share/my_pkg1/package.dsv'
[0.976s] INFO:colcon.colcon_core.shell:Creating package script '/home/emsi/rob2_ws/install/my_pkg1/share/my_pkg1/package.sh'
[0.977s] INFO:colcon.colcon_core.shell:Creating package script '/home/emsi/rob2_ws/install/my_pkg1/share/my_pkg1/package.bash'
[0.978s] INFO:colcon.colcon_core.shell:Creating package script '/home/emsi/rob2_ws/install/my_pkg1/share/my_pkg1/package.zsh'
[0.979s] Level 1:colcon.colcon_core.environment:create_file_with_runtime_dependencies(/home/emsi/rob2_ws/install/my_pkg1/share/colcon-core/packages/my_pkg1)
[0.980s] Level 1:colcon.colcon_core.environment:create_environment_scripts_only(my_pkg1)
[0.981s] Level 1:colcon.colcon_core.environment:checking '/home/emsi/rob2_ws/install/my_pkg1' for CMake module files
[0.982s] Level 1:colcon.colcon_core.environment:checking '/home/emsi/rob2_ws/install/my_pkg1' for CMake config files
[0.982s] Level 1:colcon.colcon_core.shell:create_environment_hook('my_pkg1', 'cmake_prefix_path')
[0.982s] INFO:colcon.colcon_core.shell:Creating environment hook '/home/emsi/rob2_ws/install/my_pkg1/share/my_pkg1/hook/cmake_prefix_path.ps1'
[0.983s] INFO:colcon.colcon_core.shell:Creating environment descriptor '/home/emsi/rob2_ws/install/my_pkg1/share/my_pkg1/hook/cmake_prefix_path.dsv'
[0.983s] INFO:colcon.colcon_core.shell:Creating environment hook '/home/emsi/rob2_ws/install/my_pkg1/share/my_pkg1/hook/cmake_prefix_path.sh'
[0.984s] Level 1:colcon.colcon_core.environment:checking '/home/emsi/rob2_ws/install/my_pkg1/lib'
[0.984s] Level 1:colcon.colcon_core.environment:checking '/home/emsi/rob2_ws/install/my_pkg1/bin'
[0.984s] Level 1:colcon.colcon_core.environment:checking '/home/emsi/rob2_ws/install/my_pkg1/lib/pkgconfig/my_pkg1.pc'
[0.984s] Level 1:colcon.colcon_core.environment:checking '/home/emsi/rob2_ws/install/my_pkg1/lib/python3.10/site-packages'
[0.985s] Level 1:colcon.colcon_core.environment:checking '/home/emsi/rob2_ws/install/my_pkg1/bin'
[0.985s] INFO:colcon.colcon_core.shell:Creating package script '/home/emsi/rob2_ws/install/my_pkg1/share/my_pkg1/package.ps1'
[0.986s] INFO:colcon.colcon_core.shell:Creating package descriptor '/home/emsi/rob2_ws/install/my_pkg1/share/my_pkg1/package.dsv'
[0.987s] INFO:colcon.colcon_core.shell:Creating package script '/home/emsi/rob2_ws/install/my_pkg1/share/my_pkg1/package.sh'
[0.987s] INFO:colcon.colcon_core.shell:Creating package script '/home/emsi/rob2_ws/install/my_pkg1/share/my_pkg1/package.bash'
[0.988s] INFO:colcon.colcon_core.shell:Creating package script '/home/emsi/rob2_ws/install/my_pkg1/share/my_pkg1/package.zsh'
[0.988s] Level 1:colcon.colcon_core.environment:create_file_with_runtime_dependencies(/home/emsi/rob2_ws/install/my_pkg1/share/colcon-core/packages/my_pkg1)
[1.363s] DEBUG:colcon.colcon_core.event_handler.log_command:Invoking command in '/home/emsi/rob2_ws/src/py_pubsub': PYTHONPATH=/home/emsi/rob2_ws/build/py_pubsub/prefix_override:/usr/lib/python3/dist-packages/colcon_core/task/python/colcon_distutils_commands:/home/emsi/rob2_ws/install/py_pubsub/lib/python3.10/site-packages:${PYTHONPATH} /usr/bin/python3 -W ignore:setup.py install is deprecated -W ignore:easy_install command is deprecated setup.py egg_info --egg-base ../../build/py_pubsub build --build-base /home/emsi/rob2_ws/build/py_pubsub/build install --record /home/emsi/rob2_ws/build/py_pubsub/install.log --single-version-externally-managed install_data
[1.397s] DEBUG:colcon.colcon_core.event_handler.log_command:Invoking command in '/home/emsi/rob2_ws/src/tiago_pkg': PYTHONPATH=/home/emsi/rob2_ws/build/tiago_pkg/prefix_override:/usr/lib/python3/dist-packages/colcon_core/task/python/colcon_distutils_commands:/home/emsi/rob2_ws/install/tiago_pkg/lib/python3.10/site-packages:${PYTHONPATH} /usr/bin/python3 -W ignore:setup.py install is deprecated -W ignore:easy_install command is deprecated setup.py egg_info --egg-base ../../build/tiago_pkg build --build-base /home/emsi/rob2_ws/build/tiago_pkg/build install --record /home/emsi/rob2_ws/build/tiago_pkg/install.log --single-version-externally-managed install_data
[1.659s] Level 1:colcon.colcon_core.environment:checking '/home/emsi/rob2_ws/install/py_pubsub' for CMake module files
[1.660s] DEBUG:colcon.colcon_core.event_handler.log_command:Invoked command in '/home/emsi/rob2_ws/src/py_pubsub' returned '0': PYTHONPATH=/home/emsi/rob2_ws/build/py_pubsub/prefix_override:/usr/lib/python3/dist-packages/colcon_core/task/python/colcon_distutils_commands:/home/emsi/rob2_ws/install/py_pubsub/lib/python3.10/site-packages:${PYTHONPATH} /usr/bin/python3 -W ignore:setup.py install is deprecated -W ignore:easy_install command is deprecated setup.py egg_info --egg-base ../../build/py_pubsub build --build-base /home/emsi/rob2_ws/build/py_pubsub/build install --record /home/emsi/rob2_ws/build/py_pubsub/install.log --single-version-externally-managed install_data
[1.660s] Level 1:colcon.colcon_core.environment:checking '/home/emsi/rob2_ws/install/py_pubsub' for CMake config files
[1.661s] Level 1:colcon.colcon_core.environment:checking '/home/emsi/rob2_ws/install/py_pubsub/lib'
[1.661s] Level 1:colcon.colcon_core.environment:checking '/home/emsi/rob2_ws/install/py_pubsub/bin'
[1.661s] Level 1:colcon.colcon_core.environment:checking '/home/emsi/rob2_ws/install/py_pubsub/lib/pkgconfig/py_pubsub.pc'
[1.661s] Level 1:colcon.colcon_core.environment:checking '/home/emsi/rob2_ws/install/py_pubsub/lib/python3.10/site-packages'
[1.661s] Level 1:colcon.colcon_core.shell:create_environment_hook('py_pubsub', 'pythonpath')
[1.662s] INFO:colcon.colcon_core.shell:Creating environment hook '/home/emsi/rob2_ws/install/py_pubsub/share/py_pubsub/hook/pythonpath.ps1'
[1.662s] INFO:colcon.colcon_core.shell:Creating environment descriptor '/home/emsi/rob2_ws/install/py_pubsub/share/py_pubsub/hook/pythonpath.dsv'
[1.662s] INFO:colcon.colcon_core.shell:Creating environment hook '/home/emsi/rob2_ws/install/py_pubsub/share/py_pubsub/hook/pythonpath.sh'
[1.663s] Level 1:colcon.colcon_core.environment:checking '/home/emsi/rob2_ws/install/py_pubsub/bin'
[1.663s] Level 1:colcon.colcon_core.environment:create_environment_scripts_only(py_pubsub)
[1.663s] INFO:colcon.colcon_core.shell:Creating package script '/home/emsi/rob2_ws/install/py_pubsub/share/py_pubsub/package.ps1'
[1.664s] INFO:colcon.colcon_core.shell:Creating package descriptor '/home/emsi/rob2_ws/install/py_pubsub/share/py_pubsub/package.dsv'
[1.665s] INFO:colcon.colcon_core.shell:Creating package script '/home/emsi/rob2_ws/install/py_pubsub/share/py_pubsub/package.sh'
[1.665s] INFO:colcon.colcon_core.shell:Creating package script '/home/emsi/rob2_ws/install/py_pubsub/share/py_pubsub/package.bash'
[1.665s] INFO:colcon.colcon_core.shell:Creating package script '/home/emsi/rob2_ws/install/py_pubsub/share/py_pubsub/package.zsh'
[1.666s] Level 1:colcon.colcon_core.environment:create_file_with_runtime_dependencies(/home/emsi/rob2_ws/install/py_pubsub/share/colcon-core/packages/py_pubsub)
[1.674s] Level 1:colcon.colcon_core.environment:checking '/home/emsi/rob2_ws/install/tiago_pkg' for CMake module files
[1.675s] DEBUG:colcon.colcon_core.event_handler.log_command:Invoked command in '/home/emsi/rob2_ws/src/tiago_pkg' returned '0': PYTHONPATH=/home/emsi/rob2_ws/build/tiago_pkg/prefix_override:/usr/lib/python3/dist-packages/colcon_core/task/python/colcon_distutils_commands:/home/emsi/rob2_ws/install/tiago_pkg/lib/python3.10/site-packages:${PYTHONPATH} /usr/bin/python3 -W ignore:setup.py install is deprecated -W ignore:easy_install command is deprecated setup.py egg_info --egg-base ../../build/tiago_pkg build --build-base /home/emsi/rob2_ws/build/tiago_pkg/build install --record /home/emsi/rob2_ws/build/tiago_pkg/install.log --single-version-externally-managed install_data
[1.675s] Level 1:colcon.colcon_core.environment:checking '/home/emsi/rob2_ws/install/tiago_pkg' for CMake config files
[1.675s] Level 1:colcon.colcon_core.environment:checking '/home/emsi/rob2_ws/install/tiago_pkg/lib'
[1.675s] Level 1:colcon.colcon_core.environment:checking '/home/emsi/rob2_ws/install/tiago_pkg/bin'
[1.675s] Level 1:colcon.colcon_core.environment:checking '/home/emsi/rob2_ws/install/tiago_pkg/lib/pkgconfig/tiago_pkg.pc'
[1.676s] Level 1:colcon.colcon_core.environment:checking '/home/emsi/rob2_ws/install/tiago_pkg/lib/python3.10/site-packages'
[1.676s] Level 1:colcon.colcon_core.shell:create_environment_hook('tiago_pkg', 'pythonpath')
[1.676s] INFO:colcon.colcon_core.shell:Creating environment hook '/home/emsi/rob2_ws/install/tiago_pkg/share/tiago_pkg/hook/pythonpath.ps1'
[1.676s] INFO:colcon.colcon_core.shell:Creating environment descriptor '/home/emsi/rob2_ws/install/tiago_pkg/share/tiago_pkg/hook/pythonpath.dsv'
[1.677s] INFO:colcon.colcon_core.shell:Creating environment hook '/home/emsi/rob2_ws/install/tiago_pkg/share/tiago_pkg/hook/pythonpath.sh'
[1.677s] Level 1:colcon.colcon_core.environment:checking '/home/emsi/rob2_ws/install/tiago_pkg/bin'
[1.678s] Level 1:colcon.colcon_core.environment:create_environment_scripts_only(tiago_pkg)
[1.678s] INFO:colcon.colcon_core.shell:Creating package script '/home/emsi/rob2_ws/install/tiago_pkg/share/tiago_pkg/package.ps1'
[1.679s] INFO:colcon.colcon_core.shell:Creating package descriptor '/home/emsi/rob2_ws/install/tiago_pkg/share/tiago_pkg/package.dsv'
[1.680s] INFO:colcon.colcon_core.shell:Creating package script '/home/emsi/rob2_ws/install/tiago_pkg/share/tiago_pkg/package.sh'
[1.680s] INFO:colcon.colcon_core.shell:Creating package script '/home/emsi/rob2_ws/install/tiago_pkg/share/tiago_pkg/package.bash'
[1.681s] INFO:colcon.colcon_core.shell:Creating package script '/home/emsi/rob2_ws/install/tiago_pkg/share/tiago_pkg/package.zsh'
[1.681s] Level 1:colcon.colcon_core.environment:create_file_with_runtime_dependencies(/home/emsi/rob2_ws/install/tiago_pkg/share/colcon-core/packages/tiago_pkg)
[1.681s] DEBUG:colcon.colcon_parallel_executor.executor.parallel:closing loop
[1.682s] DEBUG:colcon.colcon_parallel_executor.executor.parallel:loop closed
[1.682s] DEBUG:colcon.colcon_parallel_executor.executor.parallel:run_until_complete finished with '0'
[1.682s] DEBUG:colcon.colcon_core.event_reactor:joining thread
[1.688s] INFO:colcon.colcon_core.plugin_system:Skipping extension 'colcon_notification.desktop_notification.terminal_notifier': Not used on non-Darwin systems
[1.688s] INFO:colcon.colcon_core.plugin_system:Skipping extension 'colcon_notification.desktop_notification.win32': Not used on non-Windows systems
[1.688s] INFO:colcon.colcon_notification.desktop_notification:Sending desktop notification using 'notify2'
[1.698s] DEBUG:colcon.colcon_core.event_reactor:joined thread
[1.699s] INFO:colcon.colcon_core.shell:Creating prefix script '/home/emsi/rob2_ws/install/local_setup.ps1'
[1.700s] INFO:colcon.colcon_core.shell:Creating prefix util module '/home/emsi/rob2_ws/install/_local_setup_util_ps1.py'
[1.701s] INFO:colcon.colcon_core.shell:Creating prefix chain script '/home/emsi/rob2_ws/install/setup.ps1'
[1.702s] INFO:colcon.colcon_core.shell:Creating prefix script '/home/emsi/rob2_ws/install/local_setup.sh'
[1.702s] INFO:colcon.colcon_core.shell:Creating prefix util module '/home/emsi/rob2_ws/install/_local_setup_util_sh.py'
[1.702s] INFO:colcon.colcon_core.shell:Creating prefix chain script '/home/emsi/rob2_ws/install/setup.sh'
[1.703s] INFO:colcon.colcon_core.shell:Creating prefix script '/home/emsi/rob2_ws/install/local_setup.bash'
[1.703s] INFO:colcon.colcon_core.shell:Creating prefix chain script '/home/emsi/rob2_ws/install/setup.bash'
[1.704s] INFO:colcon.colcon_core.shell:Creating prefix script '/home/emsi/rob2_ws/install/local_setup.zsh'
[1.704s] INFO:colcon.colcon_core.shell:Creating prefix chain script '/home/emsi/rob2_ws/install/setup.zsh'
