[1.161s] Invoking command in '/home/emsi/rob2_ws/src/tiago_pkg': PYTHONPATH=/home/emsi/rob2_ws/build/tiago_pkg/prefix_override:/usr/lib/python3/dist-packages/colcon_core/task/python/colcon_distutils_commands:/home/emsi/rob2_ws/install/tiago_pkg/lib/python3.10/site-packages:${PYTHONPATH} /usr/bin/python3 -W ignore:setup.py install is deprecated -W ignore:easy_install command is deprecated setup.py egg_info --egg-base ../../build/tiago_pkg build --build-base /home/emsi/rob2_ws/build/tiago_pkg/build install --record /home/emsi/rob2_ws/build/tiago_pkg/install.log --single-version-externally-managed install_data
[1.418s] running egg_info
[1.418s] writing ../../build/tiago_pkg/tiago_pkg.egg-info/PKG-INFO
[1.418s] writing dependency_links to ../../build/tiago_pkg/tiago_pkg.egg-info/dependency_links.txt
[1.418s] writing entry points to ../../build/tiago_pkg/tiago_pkg.egg-info/entry_points.txt
[1.418s] writing requirements to ../../build/tiago_pkg/tiago_pkg.egg-info/requires.txt
[1.419s] writing top-level names to ../../build/tiago_pkg/tiago_pkg.egg-info/top_level.txt
[1.420s] reading manifest file '../../build/tiago_pkg/tiago_pkg.egg-info/SOURCES.txt'
[1.420s] adding license file 'LICENSE'
[1.420s] writing manifest file '../../build/tiago_pkg/tiago_pkg.egg-info/SOURCES.txt'
[1.421s] running build
[1.421s] running build_py
[1.421s] running install
[1.421s] running install_lib
[1.422s] running install_data
[1.422s] running install_egg_info
[1.424s] removing '/home/emsi/rob2_ws/install/tiago_pkg/lib/python3.10/site-packages/tiago_pkg-0.0.0-py3.10.egg-info' (and everything under it)
[1.424s] Copying ../../build/tiago_pkg/tiago_pkg.egg-info to /home/emsi/rob2_ws/install/tiago_pkg/lib/python3.10/site-packages/tiago_pkg-0.0.0-py3.10.egg-info
[1.425s] running install_scripts
[1.456s] writing list of installed files to '/home/emsi/rob2_ws/build/tiago_pkg/install.log'
[1.513s] Invoked command in '/home/emsi/rob2_ws/src/tiago_pkg' returned '0': PYTHONPATH=/home/emsi/rob2_ws/build/tiago_pkg/prefix_override:/usr/lib/python3/dist-packages/colcon_core/task/python/colcon_distutils_commands:/home/emsi/rob2_ws/install/tiago_pkg/lib/python3.10/site-packages:${PYTHONPATH} /usr/bin/python3 -W ignore:setup.py install is deprecated -W ignore:easy_install command is deprecated setup.py egg_info --egg-base ../../build/tiago_pkg build --build-base /home/emsi/rob2_ws/build/tiago_pkg/build install --record /home/emsi/rob2_ws/build/tiago_pkg/install.log --single-version-externally-managed install_data
