running egg_info
writing ../../build/tiago_pkg/tiago_pkg.egg-info/PKG-INFO
writing dependency_links to ../../build/tiago_pkg/tiago_pkg.egg-info/dependency_links.txt
writing entry points to ../../build/tiago_pkg/tiago_pkg.egg-info/entry_points.txt
writing requirements to ../../build/tiago_pkg/tiago_pkg.egg-info/requires.txt
writing top-level names to ../../build/tiago_pkg/tiago_pkg.egg-info/top_level.txt
reading manifest file '../../build/tiago_pkg/tiago_pkg.egg-info/SOURCES.txt'
adding license file 'LICENSE'
writing manifest file '../../build/tiago_pkg/tiago_pkg.egg-info/SOURCES.txt'
running build
running build_py
copying tiago_pkg/tiago.py -> /home/emsi/rob2_ws/build/tiago_pkg/build/lib/tiago_pkg
running install
running install_lib
copying /home/emsi/rob2_ws/build/tiago_pkg/build/lib/tiago_pkg/tiago.py -> /home/emsi/rob2_ws/install/tiago_pkg/lib/python3.10/site-packages/tiago_pkg
byte-compiling /home/emsi/rob2_ws/install/tiago_pkg/lib/python3.10/site-packages/tiago_pkg/tiago.py to tiago.cpython-310.pyc
running install_data
running install_egg_info
removing '/home/emsi/rob2_ws/install/tiago_pkg/lib/python3.10/site-packages/tiago_pkg-0.0.0-py3.10.egg-info' (and everything under it)
Copying ../../build/tiago_pkg/tiago_pkg.egg-info to /home/emsi/rob2_ws/install/tiago_pkg/lib/python3.10/site-packages/tiago_pkg-0.0.0-py3.10.egg-info
running install_scripts
writing list of installed files to '/home/emsi/rob2_ws/build/tiago_pkg/install.log'
