[0.986s] Invoking command in '/home/emsi/rob2_ws/src/tiago_pkg': PYTHONPATH=/home/emsi/rob2_ws/build/tiago_pkg/prefix_override:/usr/lib/python3/dist-packages/colcon_core/task/python/colcon_distutils_commands:/home/emsi/rob2_ws/install/tiago_pkg/lib/python3.10/site-packages:${PYTHONPATH} /usr/bin/python3 -W ignore:setup.py install is deprecated -W ignore:easy_install command is deprecated setup.py egg_info --egg-base ../../build/tiago_pkg build --build-base /home/emsi/rob2_ws/build/tiago_pkg/build install --record /home/emsi/rob2_ws/build/tiago_pkg/install.log --single-version-externally-managed install_data
[1.223s] running egg_info
[1.224s] writing ../../build/tiago_pkg/tiago_pkg.egg-info/PKG-INFO
[1.224s] writing dependency_links to ../../build/tiago_pkg/tiago_pkg.egg-info/dependency_links.txt
[1.225s] writing entry points to ../../build/tiago_pkg/tiago_pkg.egg-info/entry_points.txt
[1.225s] writing requirements to ../../build/tiago_pkg/tiago_pkg.egg-info/requires.txt
[1.225s] writing top-level names to ../../build/tiago_pkg/tiago_pkg.egg-info/top_level.txt
[1.228s] reading manifest file '../../build/tiago_pkg/tiago_pkg.egg-info/SOURCES.txt'
[1.228s] adding license file 'LICENSE'
[1.228s] writing manifest file '../../build/tiago_pkg/tiago_pkg.egg-info/SOURCES.txt'
[1.229s] running build
[1.229s] running build_py
[1.229s] copying tiago_pkg/tiago.py -> /home/emsi/rob2_ws/build/tiago_pkg/build/lib/tiago_pkg
[1.229s] running install
[1.230s] running install_lib
[1.231s] copying /home/emsi/rob2_ws/build/tiago_pkg/build/lib/tiago_pkg/tiago.py -> /home/emsi/rob2_ws/install/tiago_pkg/lib/python3.10/site-packages/tiago_pkg
[1.231s] byte-compiling /home/emsi/rob2_ws/install/tiago_pkg/lib/python3.10/site-packages/tiago_pkg/tiago.py to tiago.cpython-310.pyc
[1.232s] running install_data
[1.232s] running install_egg_info
[1.234s] removing '/home/emsi/rob2_ws/install/tiago_pkg/lib/python3.10/site-packages/tiago_pkg-0.0.0-py3.10.egg-info' (and everything under it)
[1.235s] Copying ../../build/tiago_pkg/tiago_pkg.egg-info to /home/emsi/rob2_ws/install/tiago_pkg/lib/python3.10/site-packages/tiago_pkg-0.0.0-py3.10.egg-info
[1.236s] running install_scripts
[1.257s] writing list of installed files to '/home/emsi/rob2_ws/build/tiago_pkg/install.log'
[1.296s] Invoked command in '/home/emsi/rob2_ws/src/tiago_pkg' returned '0': PYTHONPATH=/home/emsi/rob2_ws/build/tiago_pkg/prefix_override:/usr/lib/python3/dist-packages/colcon_core/task/python/colcon_distutils_commands:/home/emsi/rob2_ws/install/tiago_pkg/lib/python3.10/site-packages:${PYTHONPATH} /usr/bin/python3 -W ignore:setup.py install is deprecated -W ignore:easy_install command is deprecated setup.py egg_info --egg-base ../../build/tiago_pkg build --build-base /home/emsi/rob2_ws/build/tiago_pkg/build install --record /home/emsi/rob2_ws/build/tiago_pkg/install.log --single-version-externally-managed install_data
